<?xml version="1.0" encoding="UTF-8" ?>
<testsuite failures="0" time="0.262" errors="8" skipped="0" tests="12" name="com.source.project.entity.LoanIntegrationTest">
  <properties>
    <property name="java.runtime.name" value="Java(TM) SE Runtime Environment"/>
    <property name="sun.boot.library.path" value="C:\Program Files\Java\jdk1.6.0\jre\bin"/>
    <property name="java.vm.version" value="1.6.0-b105"/>
    <property name="java.vm.vendor" value="Sun Microsystems Inc."/>
    <property name="java.vendor.url" value="http://java.sun.com/"/>
    <property name="path.separator" value=";"/>
    <property name="guice.disable.misplaced.annotation.check" value="true"/>
    <property name="java.vm.name" value="Java HotSpot(TM) Client VM"/>
    <property name="file.encoding.pkg" value="sun.io"/>
    <property name="user.country" value="US"/>
    <property name="sun.java.launcher" value="SUN_STANDARD"/>
    <property name="sun.os.patch.level" value=""/>
    <property name="java.vm.specification.name" value="Java Virtual Machine Specification"/>
    <property name="user.dir" value="C:\cygwin\home\Pol\ProjectSE\team16"/>
    <property name="java.runtime.version" value="1.6.0-b105"/>
    <property name="java.awt.graphicsenv" value="sun.awt.Win32GraphicsEnvironment"/>
    <property name="java.endorsed.dirs" value="C:\Program Files\Java\jdk1.6.0\jre\lib\endorsed"/>
    <property name="os.arch" value="x86"/>
    <property name="java.io.tmpdir" value="C:\Users\POL~1.POL\AppData\Local\Temp\"/>
    <property name="line.separator" value="
"/>
    <property name="java.vm.specification.vendor" value="Sun Microsystems Inc."/>
    <property name="user.variant" value=""/>
    <property name="os.name" value="Windows Vista"/>
    <property name="classworlds.conf" value="C:\Users\Pol.Pol-PC\Documents\workspace-sts-2.8.1.RELEASE\.metadata\.plugins\org.eclipse.m2e.core\launches\m2conf2410.tmp"/>
    <property name="sun.jnu.encoding" value="Cp1252"/>
    <property name="java.library.path" value="C:\Program Files\Java\jdk1.6.0\bin;.;C:\Windows\Sun\Java\bin;C:\Windows\system32;C:\Windows;C:\Windows\system32;C:\Windows;C:\Windows\System32\Wbem;C:\Windows\System32\WindowsPowerShell\v1.0\;C:\Program Files\MATLAB\R2009b\runtime\win32;C:\Program Files\MATLAB\R2009b\bin;C:\spring-roo-1.2.0.RELEASE\bin;C:\apache-maven-3.0.3\bin;C:\Program Files\Java\jdk1.6.0\bin;C:\PROGRA~1\ULTRAE~1;C:\Program Files\Flash Magic"/>
    <property name="java.specification.name" value="Java Platform API Specification"/>
    <property name="java.class.version" value="50.0"/>
    <property name="sun.management.compiler" value="HotSpot Client Compiler"/>
    <property name="os.version" value="6.1"/>
    <property name="user.home" value="C:\Users\Pol.Pol-PC"/>
    <property name="user.timezone" value="Asia/Bangkok"/>
    <property name="java.awt.printerjob" value="sun.awt.windows.WPrinterJob"/>
    <property name="file.encoding" value="Cp1252"/>
    <property name="java.specification.version" value="1.6"/>
    <property name="user.name" value="Pol"/>
    <property name="java.class.path" value="/C:/Program Files/springsource/sts-2.8.1.RELEASE/plugins/org.eclipse.m2e.maven.runtime_1.0.100.20110804-1717/jars/plexus-classworlds-2.4.jar"/>
    <property name="java.vm.specification.version" value="1.0"/>
    <property name="sun.arch.data.model" value="32"/>
    <property name="java.home" value="C:\Program Files\Java\jdk1.6.0\jre"/>
    <property name="java.specification.vendor" value="Sun Microsystems Inc."/>
    <property name="user.language" value="en"/>
    <property name="awt.toolkit" value="sun.awt.windows.WToolkit"/>
    <property name="java.vm.info" value="mixed mode, sharing"/>
    <property name="java.version" value="1.6.0"/>
    <property name="java.ext.dirs" value="C:\Program Files\Java\jdk1.6.0\jre\lib\ext;C:\Windows\Sun\Java\lib\ext"/>
    <property name="sun.boot.class.path" value="C:\Program Files\Java\jdk1.6.0\jre\lib\resources.jar;C:\Program Files\Java\jdk1.6.0\jre\lib\rt.jar;C:\Program Files\Java\jdk1.6.0\jre\lib\sunrsasign.jar;C:\Program Files\Java\jdk1.6.0\jre\lib\jsse.jar;C:\Program Files\Java\jdk1.6.0\jre\lib\jce.jar;C:\Program Files\Java\jdk1.6.0\jre\lib\charsets.jar;C:\Program Files\Java\jdk1.6.0\jre\classes"/>
    <property name="java.vendor" value="Sun Microsystems Inc."/>
    <property name="maven.home" value="C:\cygwin\home\Pol\ProjectSE\team16\EMBEDDED"/>
    <property name="file.separator" value="\"/>
    <property name="java.vendor.url.bug" value="http://java.sun.com/cgi-bin/bugreport.cgi"/>
    <property name="sun.cpu.endian" value="little"/>
    <property name="sun.io.unicode.encoding" value="UnicodeLittle"/>
    <property name="sun.desktop" value="windows"/>
    <property name="sun.cpu.isalist" value="pentium_pro+mmx pentium_pro pentium+mmx pentium i486 i386 i86"/>
  </properties>
  <testcase time="0.047" classname="com.source.project.entity.LoanIntegrationTest" name="testFlush">
    <error message="[ConstraintDescriptorImpl{annotation=javax.validation.constraints.NotNull, payloads=[], hasComposingConstraints=true, isReportAsSingleInvalidConstraint=false, elementType=FIELD, definedOn=DEFINED_LOCALLY, groups=[interface javax.validation.groups.Default], attributes={message={javax.validation.constraints.NotNull.message}, payload=[Ljava.lang.Class;@edec92, groups=[Ljava.lang.Class;@46a658}}:may not be null=null][ConstraintDescriptorImpl{annotation=javax.validation.constraints.NotNull, payloads=[], hasComposingConstraints=true, isReportAsSingleInvalidConstraint=false, elementType=FIELD, definedOn=DEFINED_LOCALLY, groups=[interface javax.validation.groups.Default], attributes={message={javax.validation.constraints.NotNull.message}, payload=[Ljava.lang.Class;@edec92, groups=[Ljava.lang.Class;@46a658}}:may not be null=null][ConstraintDescriptorImpl{annotation=javax.validation.constraints.NotNull, payloads=[], hasComposingConstraints=true, isReportAsSingleInvalidConstraint=false, elementType=FIELD, definedOn=DEFINED_LOCALLY, groups=[interface javax.validation.groups.Default], attributes={message={javax.validation.constraints.NotNull.message}, payload=[Ljava.lang.Class;@edec92, groups=[Ljava.lang.Class;@46a658}}:may not be null=null]" type="java.lang.RuntimeException">java.lang.RuntimeException: [ConstraintDescriptorImpl{annotation=javax.validation.constraints.NotNull, payloads=[], hasComposingConstraints=true, isReportAsSingleInvalidConstraint=false, elementType=FIELD, definedOn=DEFINED_LOCALLY, groups=[interface javax.validation.groups.Default], attributes={message={javax.validation.constraints.NotNull.message}, payload=[Ljava.lang.Class;@edec92, groups=[Ljava.lang.Class;@46a658}}:may not be null=null][ConstraintDescriptorImpl{annotation=javax.validation.constraints.NotNull, payloads=[], hasComposingConstraints=true, isReportAsSingleInvalidConstraint=false, elementType=FIELD, definedOn=DEFINED_LOCALLY, groups=[interface javax.validation.groups.Default], attributes={message={javax.validation.constraints.NotNull.message}, payload=[Ljava.lang.Class;@edec92, groups=[Ljava.lang.Class;@46a658}}:may not be null=null][ConstraintDescriptorImpl{annotation=javax.validation.constraints.NotNull, payloads=[], hasComposingConstraints=true, isReportAsSingleInvalidConstraint=false, elementType=FIELD, definedOn=DEFINED_LOCALLY, groups=[interface javax.validation.groups.Default], attributes={message={javax.validation.constraints.NotNull.message}, payload=[Ljava.lang.Class;@edec92, groups=[Ljava.lang.Class;@46a658}}:may not be null=null]
	at com.source.project.entity.LoanDataOnDemand_Roo_DataOnDemand.ajc$interMethod$com_source_project_entity_LoanDataOnDemand_Roo_DataOnDemand$com_source_project_entity_LoanDataOnDemand$init(LoanDataOnDemand_Roo_DataOnDemand.aj:130)
	at com.source.project.entity.LoanDataOnDemand.init(LoanDataOnDemand.java:1)
	at com.source.project.entity.LoanDataOnDemand_Roo_DataOnDemand.ajc$interMethodDispatch1$com_source_project_entity_LoanDataOnDemand_Roo_DataOnDemand$com_source_project_entity_LoanDataOnDemand$init(LoanDataOnDemand_Roo_DataOnDemand.aj)
	at com.source.project.entity.LoanDataOnDemand_Roo_DataOnDemand.ajc$interMethod$com_source_project_entity_LoanDataOnDemand_Roo_DataOnDemand$com_source_project_entity_LoanDataOnDemand$getRandomLoan(LoanDataOnDemand_Roo_DataOnDemand.aj:98)
	at com.source.project.entity.LoanDataOnDemand.getRandomLoan(LoanDataOnDemand.java:1)
	at com.source.project.entity.LoanDataOnDemand_Roo_DataOnDemand.ajc$interMethodDispatch1$com_source_project_entity_LoanDataOnDemand_Roo_DataOnDemand$com_source_project_entity_LoanDataOnDemand$getRandomLoan(LoanDataOnDemand_Roo_DataOnDemand.aj)
	at com.source.project.entity.LoanIntegrationTest_Roo_IntegrationTest.ajc$interMethod$com_source_project_entity_LoanIntegrationTest_Roo_IntegrationTest$com_source_project_entity_LoanIntegrationTest$testFlush(LoanIntegrationTest_Roo_IntegrationTest.aj:71)
	at com.source.project.entity.LoanIntegrationTest.testFlush(LoanIntegrationTest.java:1)
	at sun.reflect.NativeMethodAccessorImpl.invoke0(Native Method)
	at sun.reflect.NativeMethodAccessorImpl.invoke(NativeMethodAccessorImpl.java:39)
	at sun.reflect.DelegatingMethodAccessorImpl.invoke(DelegatingMethodAccessorImpl.java:25)
	at java.lang.reflect.Method.invoke(Method.java:597)
	at org.junit.runners.model.FrameworkMethod$1.runReflectiveCall(FrameworkMethod.java:44)
	at org.junit.internal.runners.model.ReflectiveCallable.run(ReflectiveCallable.java:15)
	at org.junit.runners.model.FrameworkMethod.invokeExplosively(FrameworkMethod.java:41)
	at org.junit.internal.runners.statements.InvokeMethod.evaluate(InvokeMethod.java:20)
	at org.springframework.test.context.junit4.statements.RunBeforeTestMethodCallbacks.evaluate(RunBeforeTestMethodCallbacks.java:74)
	at org.springframework.test.context.junit4.statements.RunAfterTestMethodCallbacks.evaluate(RunAfterTestMethodCallbacks.java:83)
	at org.springframework.test.context.junit4.statements.SpringRepeat.evaluate(SpringRepeat.java:72)
	at org.springframework.test.context.junit4.SpringJUnit4ClassRunner.runChild(SpringJUnit4ClassRunner.java:231)
	at org.junit.runners.BlockJUnit4ClassRunner.runChild(BlockJUnit4ClassRunner.java:48)
	at org.junit.runners.ParentRunner$3.run(ParentRunner.java:231)
	at org.junit.runners.ParentRunner$1.schedule(ParentRunner.java:60)
	at org.junit.runners.ParentRunner.runChildren(ParentRunner.java:229)
	at org.junit.runners.ParentRunner.access$000(ParentRunner.java:50)
	at org.junit.runners.ParentRunner$2.evaluate(ParentRunner.java:222)
	at org.springframework.test.context.junit4.statements.RunBeforeTestClassCallbacks.evaluate(RunBeforeTestClassCallbacks.java:61)
	at org.springframework.test.context.junit4.statements.RunAfterTestClassCallbacks.evaluate(RunAfterTestClassCallbacks.java:71)
	at org.junit.runners.ParentRunner.run(ParentRunner.java:292)
	at org.springframework.test.context.junit4.SpringJUnit4ClassRunner.run(SpringJUnit4ClassRunner.java:174)
	at org.apache.maven.surefire.junit4.JUnit4TestSet.execute(JUnit4TestSet.java:53)
	at org.apache.maven.surefire.junit4.JUnit4Provider.executeTestSet(JUnit4Provider.java:123)
	at org.apache.maven.surefire.junit4.JUnit4Provider.invoke(JUnit4Provider.java:104)
	at sun.reflect.NativeMethodAccessorImpl.invoke0(Native Method)
	at sun.reflect.NativeMethodAccessorImpl.invoke(NativeMethodAccessorImpl.java:39)
	at sun.reflect.DelegatingMethodAccessorImpl.invoke(DelegatingMethodAccessorImpl.java:25)
	at java.lang.reflect.Method.invoke(Method.java:597)
	at org.apache.maven.surefire.util.ReflectionUtils.invokeMethodWithArray(ReflectionUtils.java:164)
	at org.apache.maven.surefire.booter.ProviderFactory$ProviderProxy.invoke(ProviderFactory.java:110)
	at org.apache.maven.surefire.booter.SurefireStarter.invokeProvider(SurefireStarter.java:172)
	at org.apache.maven.surefire.booter.SurefireStarter.runSuitesInProcessWhenForked(SurefireStarter.java:104)
	at org.apache.maven.surefire.booter.ForkedBooter.main(ForkedBooter.java:70)
Caused by: javax.validation.ConstraintViolationException: Validation failed for classes [com.source.project.entity.Loan] during persist time for groups [javax.validation.groups.Default, ]
List of constraint violations:[
	ConstraintViolationImpl{interpolatedMessage=&apos;may not be null&apos;, propertyPath=moneyLoan, rootBeanClass=class com.source.project.entity.Loan, messageTemplate=&apos;{javax.validation.constraints.NotNull.message}&apos;}
	ConstraintViolationImpl{interpolatedMessage=&apos;may not be null&apos;, propertyPath=accountNumber, rootBeanClass=class com.source.project.entity.Loan, messageTemplate=&apos;{javax.validation.constraints.NotNull.message}&apos;}
	ConstraintViolationImpl{interpolatedMessage=&apos;may not be null&apos;, propertyPath=reason, rootBeanClass=class com.source.project.entity.Loan, messageTemplate=&apos;{javax.validation.constraints.NotNull.message}&apos;}
]
	at org.hibernate.cfg.beanvalidation.BeanValidationEventListener.validate(BeanValidationEventListener.java:161)
	at org.hibernate.cfg.beanvalidation.BeanValidationEventListener.onPreInsert(BeanValidationEventListener.java:94)
	at org.hibernate.action.EntityIdentityInsertAction.preInsert(EntityIdentityInsertAction.java:160)
	at org.hibernate.action.EntityIdentityInsertAction.execute(EntityIdentityInsertAction.java:65)
	at org.hibernate.engine.ActionQueue.execute(ActionQueue.java:273)
	at org.hibernate.event.def.AbstractSaveEventListener.performSaveOrReplicate(AbstractSaveEventListener.java:320)
	at org.hibernate.event.def.AbstractSaveEventListener.performSave(AbstractSaveEventListener.java:203)
	at org.hibernate.event.def.AbstractSaveEventListener.saveWithGeneratedId(AbstractSaveEventListener.java:129)
	at org.hibernate.ejb.event.EJB3PersistEventListener.saveWithGeneratedId(EJB3PersistEventListener.java:69)
	at org.hibernate.event.def.DefaultPersistEventListener.entityIsTransient(DefaultPersistEventListener.java:179)
	at org.hibernate.event.def.DefaultPersistEventListener.onPersist(DefaultPersistEventListener.java:135)
	at org.hibernate.event.def.DefaultPersistEventListener.onPersist(DefaultPersistEventListener.java:61)
	at org.hibernate.impl.SessionImpl.firePersist(SessionImpl.java:808)
	at org.hibernate.impl.SessionImpl.persist(SessionImpl.java:782)
	at org.hibernate.impl.SessionImpl.persist(SessionImpl.java:786)
	at org.hibernate.ejb.AbstractEntityManagerImpl.persist(AbstractEntityManagerImpl.java:837)
	at sun.reflect.GeneratedMethodAccessor17.invoke(Unknown Source)
	at sun.reflect.DelegatingMethodAccessorImpl.invoke(DelegatingMethodAccessorImpl.java:25)
	at java.lang.reflect.Method.invoke(Method.java:597)
	at org.springframework.orm.jpa.SharedEntityManagerCreator$SharedEntityManagerInvocationHandler.invoke(SharedEntityManagerCreator.java:240)
	at $Proxy36.persist(Unknown Source)
	at com.source.project.entity.Loan_Roo_Jpa_ActiveRecord.ajc$interMethod$com_source_project_entity_Loan_Roo_Jpa_ActiveRecord$com_source_project_entity_Loan$persist(Loan_Roo_Jpa_ActiveRecord.aj:43)
	at com.source.project.entity.Loan.persist(Loan.java:1)
	at com.source.project.entity.Loan_Roo_Jpa_ActiveRecord.ajc$interMethodDispatch1$com_source_project_entity_Loan_Roo_Jpa_ActiveRecord$com_source_project_entity_Loan$persist(Loan_Roo_Jpa_ActiveRecord.aj)
	at com.source.project.entity.LoanDataOnDemand_Roo_DataOnDemand.ajc$interMethod$com_source_project_entity_LoanDataOnDemand_Roo_DataOnDemand$com_source_project_entity_LoanDataOnDemand$init(LoanDataOnDemand_Roo_DataOnDemand.aj:123)
	... 41 more
</error>
  </testcase>
  <testcase time="0.026" classname="com.source.project.entity.LoanIntegrationTest" name="testMergeUpdate">
    <error message="[ConstraintDescriptorImpl{annotation=javax.validation.constraints.NotNull, payloads=[], hasComposingConstraints=true, isReportAsSingleInvalidConstraint=false, elementType=FIELD, definedOn=DEFINED_LOCALLY, groups=[interface javax.validation.groups.Default], attributes={message={javax.validation.constraints.NotNull.message}, payload=[Ljava.lang.Class;@edec92, groups=[Ljava.lang.Class;@46a658}}:may not be null=null][ConstraintDescriptorImpl{annotation=javax.validation.constraints.NotNull, payloads=[], hasComposingConstraints=true, isReportAsSingleInvalidConstraint=false, elementType=FIELD, definedOn=DEFINED_LOCALLY, groups=[interface javax.validation.groups.Default], attributes={message={javax.validation.constraints.NotNull.message}, payload=[Ljava.lang.Class;@edec92, groups=[Ljava.lang.Class;@46a658}}:may not be null=null][ConstraintDescriptorImpl{annotation=javax.validation.constraints.NotNull, payloads=[], hasComposingConstraints=true, isReportAsSingleInvalidConstraint=false, elementType=FIELD, definedOn=DEFINED_LOCALLY, groups=[interface javax.validation.groups.Default], attributes={message={javax.validation.constraints.NotNull.message}, payload=[Ljava.lang.Class;@edec92, groups=[Ljava.lang.Class;@46a658}}:may not be null=null]" type="java.lang.RuntimeException">java.lang.RuntimeException: [ConstraintDescriptorImpl{annotation=javax.validation.constraints.NotNull, payloads=[], hasComposingConstraints=true, isReportAsSingleInvalidConstraint=false, elementType=FIELD, definedOn=DEFINED_LOCALLY, groups=[interface javax.validation.groups.Default], attributes={message={javax.validation.constraints.NotNull.message}, payload=[Ljava.lang.Class;@edec92, groups=[Ljava.lang.Class;@46a658}}:may not be null=null][ConstraintDescriptorImpl{annotation=javax.validation.constraints.NotNull, payloads=[], hasComposingConstraints=true, isReportAsSingleInvalidConstraint=false, elementType=FIELD, definedOn=DEFINED_LOCALLY, groups=[interface javax.validation.groups.Default], attributes={message={javax.validation.constraints.NotNull.message}, payload=[Ljava.lang.Class;@edec92, groups=[Ljava.lang.Class;@46a658}}:may not be null=null][ConstraintDescriptorImpl{annotation=javax.validation.constraints.NotNull, payloads=[], hasComposingConstraints=true, isReportAsSingleInvalidConstraint=false, elementType=FIELD, definedOn=DEFINED_LOCALLY, groups=[interface javax.validation.groups.Default], attributes={message={javax.validation.constraints.NotNull.message}, payload=[Ljava.lang.Class;@edec92, groups=[Ljava.lang.Class;@46a658}}:may not be null=null]
	at com.source.project.entity.LoanDataOnDemand_Roo_DataOnDemand.ajc$interMethod$com_source_project_entity_LoanDataOnDemand_Roo_DataOnDemand$com_source_project_entity_LoanDataOnDemand$init(LoanDataOnDemand_Roo_DataOnDemand.aj:130)
	at com.source.project.entity.LoanDataOnDemand.init(LoanDataOnDemand.java:1)
	at com.source.project.entity.LoanDataOnDemand_Roo_DataOnDemand.ajc$interMethodDispatch1$com_source_project_entity_LoanDataOnDemand_Roo_DataOnDemand$com_source_project_entity_LoanDataOnDemand$init(LoanDataOnDemand_Roo_DataOnDemand.aj)
	at com.source.project.entity.LoanDataOnDemand_Roo_DataOnDemand.ajc$interMethod$com_source_project_entity_LoanDataOnDemand_Roo_DataOnDemand$com_source_project_entity_LoanDataOnDemand$getRandomLoan(LoanDataOnDemand_Roo_DataOnDemand.aj:98)
	at com.source.project.entity.LoanDataOnDemand.getRandomLoan(LoanDataOnDemand.java:1)
	at com.source.project.entity.LoanDataOnDemand_Roo_DataOnDemand.ajc$interMethodDispatch1$com_source_project_entity_LoanDataOnDemand_Roo_DataOnDemand$com_source_project_entity_LoanDataOnDemand$getRandomLoan(LoanDataOnDemand_Roo_DataOnDemand.aj)
	at com.source.project.entity.LoanIntegrationTest_Roo_IntegrationTest.ajc$interMethod$com_source_project_entity_LoanIntegrationTest_Roo_IntegrationTest$com_source_project_entity_LoanIntegrationTest$testMergeUpdate(LoanIntegrationTest_Roo_IntegrationTest.aj:85)
	at com.source.project.entity.LoanIntegrationTest.testMergeUpdate(LoanIntegrationTest.java:1)
	at sun.reflect.NativeMethodAccessorImpl.invoke0(Native Method)
	at sun.reflect.NativeMethodAccessorImpl.invoke(NativeMethodAccessorImpl.java:39)
	at sun.reflect.DelegatingMethodAccessorImpl.invoke(DelegatingMethodAccessorImpl.java:25)
	at java.lang.reflect.Method.invoke(Method.java:597)
	at org.junit.runners.model.FrameworkMethod$1.runReflectiveCall(FrameworkMethod.java:44)
	at org.junit.internal.runners.model.ReflectiveCallable.run(ReflectiveCallable.java:15)
	at org.junit.runners.model.FrameworkMethod.invokeExplosively(FrameworkMethod.java:41)
	at org.junit.internal.runners.statements.InvokeMethod.evaluate(InvokeMethod.java:20)
	at org.springframework.test.context.junit4.statements.RunBeforeTestMethodCallbacks.evaluate(RunBeforeTestMethodCallbacks.java:74)
	at org.springframework.test.context.junit4.statements.RunAfterTestMethodCallbacks.evaluate(RunAfterTestMethodCallbacks.java:83)
	at org.springframework.test.context.junit4.statements.SpringRepeat.evaluate(SpringRepeat.java:72)
	at org.springframework.test.context.junit4.SpringJUnit4ClassRunner.runChild(SpringJUnit4ClassRunner.java:231)
	at org.junit.runners.BlockJUnit4ClassRunner.runChild(BlockJUnit4ClassRunner.java:48)
	at org.junit.runners.ParentRunner$3.run(ParentRunner.java:231)
	at org.junit.runners.ParentRunner$1.schedule(ParentRunner.java:60)
	at org.junit.runners.ParentRunner.runChildren(ParentRunner.java:229)
	at org.junit.runners.ParentRunner.access$000(ParentRunner.java:50)
	at org.junit.runners.ParentRunner$2.evaluate(ParentRunner.java:222)
	at org.springframework.test.context.junit4.statements.RunBeforeTestClassCallbacks.evaluate(RunBeforeTestClassCallbacks.java:61)
	at org.springframework.test.context.junit4.statements.RunAfterTestClassCallbacks.evaluate(RunAfterTestClassCallbacks.java:71)
	at org.junit.runners.ParentRunner.run(ParentRunner.java:292)
	at org.springframework.test.context.junit4.SpringJUnit4ClassRunner.run(SpringJUnit4ClassRunner.java:174)
	at org.apache.maven.surefire.junit4.JUnit4TestSet.execute(JUnit4TestSet.java:53)
	at org.apache.maven.surefire.junit4.JUnit4Provider.executeTestSet(JUnit4Provider.java:123)
	at org.apache.maven.surefire.junit4.JUnit4Provider.invoke(JUnit4Provider.java:104)
	at sun.reflect.NativeMethodAccessorImpl.invoke0(Native Method)
	at sun.reflect.NativeMethodAccessorImpl.invoke(NativeMethodAccessorImpl.java:39)
	at sun.reflect.DelegatingMethodAccessorImpl.invoke(DelegatingMethodAccessorImpl.java:25)
	at java.lang.reflect.Method.invoke(Method.java:597)
	at org.apache.maven.surefire.util.ReflectionUtils.invokeMethodWithArray(ReflectionUtils.java:164)
	at org.apache.maven.surefire.booter.ProviderFactory$ProviderProxy.invoke(ProviderFactory.java:110)
	at org.apache.maven.surefire.booter.SurefireStarter.invokeProvider(SurefireStarter.java:172)
	at org.apache.maven.surefire.booter.SurefireStarter.runSuitesInProcessWhenForked(SurefireStarter.java:104)
	at org.apache.maven.surefire.booter.ForkedBooter.main(ForkedBooter.java:70)
Caused by: javax.validation.ConstraintViolationException: Validation failed for classes [com.source.project.entity.Loan] during persist time for groups [javax.validation.groups.Default, ]
List of constraint violations:[
	ConstraintViolationImpl{interpolatedMessage=&apos;may not be null&apos;, propertyPath=moneyLoan, rootBeanClass=class com.source.project.entity.Loan, messageTemplate=&apos;{javax.validation.constraints.NotNull.message}&apos;}
	ConstraintViolationImpl{interpolatedMessage=&apos;may not be null&apos;, propertyPath=accountNumber, rootBeanClass=class com.source.project.entity.Loan, messageTemplate=&apos;{javax.validation.constraints.NotNull.message}&apos;}
	ConstraintViolationImpl{interpolatedMessage=&apos;may not be null&apos;, propertyPath=reason, rootBeanClass=class com.source.project.entity.Loan, messageTemplate=&apos;{javax.validation.constraints.NotNull.message}&apos;}
]
	at org.hibernate.cfg.beanvalidation.BeanValidationEventListener.validate(BeanValidationEventListener.java:161)
	at org.hibernate.cfg.beanvalidation.BeanValidationEventListener.onPreInsert(BeanValidationEventListener.java:94)
	at org.hibernate.action.EntityIdentityInsertAction.preInsert(EntityIdentityInsertAction.java:160)
	at org.hibernate.action.EntityIdentityInsertAction.execute(EntityIdentityInsertAction.java:65)
	at org.hibernate.engine.ActionQueue.execute(ActionQueue.java:273)
	at org.hibernate.event.def.AbstractSaveEventListener.performSaveOrReplicate(AbstractSaveEventListener.java:320)
	at org.hibernate.event.def.AbstractSaveEventListener.performSave(AbstractSaveEventListener.java:203)
	at org.hibernate.event.def.AbstractSaveEventListener.saveWithGeneratedId(AbstractSaveEventListener.java:129)
	at org.hibernate.ejb.event.EJB3PersistEventListener.saveWithGeneratedId(EJB3PersistEventListener.java:69)
	at org.hibernate.event.def.DefaultPersistEventListener.entityIsTransient(DefaultPersistEventListener.java:179)
	at org.hibernate.event.def.DefaultPersistEventListener.onPersist(DefaultPersistEventListener.java:135)
	at org.hibernate.event.def.DefaultPersistEventListener.onPersist(DefaultPersistEventListener.java:61)
	at org.hibernate.impl.SessionImpl.firePersist(SessionImpl.java:808)
	at org.hibernate.impl.SessionImpl.persist(SessionImpl.java:782)
	at org.hibernate.impl.SessionImpl.persist(SessionImpl.java:786)
	at org.hibernate.ejb.AbstractEntityManagerImpl.persist(AbstractEntityManagerImpl.java:837)
	at sun.reflect.GeneratedMethodAccessor17.invoke(Unknown Source)
	at sun.reflect.DelegatingMethodAccessorImpl.invoke(DelegatingMethodAccessorImpl.java:25)
	at java.lang.reflect.Method.invoke(Method.java:597)
	at org.springframework.orm.jpa.SharedEntityManagerCreator$SharedEntityManagerInvocationHandler.invoke(SharedEntityManagerCreator.java:240)
	at $Proxy36.persist(Unknown Source)
	at com.source.project.entity.Loan_Roo_Jpa_ActiveRecord.ajc$interMethod$com_source_project_entity_Loan_Roo_Jpa_ActiveRecord$com_source_project_entity_Loan$persist(Loan_Roo_Jpa_ActiveRecord.aj:43)
	at com.source.project.entity.Loan.persist(Loan.java:1)
	at com.source.project.entity.Loan_Roo_Jpa_ActiveRecord.ajc$interMethodDispatch1$com_source_project_entity_Loan_Roo_Jpa_ActiveRecord$com_source_project_entity_Loan$persist(Loan_Roo_Jpa_ActiveRecord.aj)
	at com.source.project.entity.LoanDataOnDemand_Roo_DataOnDemand.ajc$interMethod$com_source_project_entity_LoanDataOnDemand_Roo_DataOnDemand$com_source_project_entity_LoanDataOnDemand$init(LoanDataOnDemand_Roo_DataOnDemand.aj:123)
	... 41 more
</error>
  </testcase>
  <testcase time="0.001" classname="com.source.project.entity.LoanIntegrationTest" name="testPersist">
    <error message="[ConstraintDescriptorImpl{annotation=javax.validation.constraints.NotNull, payloads=[], hasComposingConstraints=true, isReportAsSingleInvalidConstraint=false, elementType=FIELD, definedOn=DEFINED_LOCALLY, groups=[interface javax.validation.groups.Default], attributes={message={javax.validation.constraints.NotNull.message}, payload=[Ljava.lang.Class;@edec92, groups=[Ljava.lang.Class;@46a658}}:may not be null=null][ConstraintDescriptorImpl{annotation=javax.validation.constraints.NotNull, payloads=[], hasComposingConstraints=true, isReportAsSingleInvalidConstraint=false, elementType=FIELD, definedOn=DEFINED_LOCALLY, groups=[interface javax.validation.groups.Default], attributes={message={javax.validation.constraints.NotNull.message}, payload=[Ljava.lang.Class;@edec92, groups=[Ljava.lang.Class;@46a658}}:may not be null=null][ConstraintDescriptorImpl{annotation=javax.validation.constraints.NotNull, payloads=[], hasComposingConstraints=true, isReportAsSingleInvalidConstraint=false, elementType=FIELD, definedOn=DEFINED_LOCALLY, groups=[interface javax.validation.groups.Default], attributes={message={javax.validation.constraints.NotNull.message}, payload=[Ljava.lang.Class;@edec92, groups=[Ljava.lang.Class;@46a658}}:may not be null=null]" type="java.lang.RuntimeException">java.lang.RuntimeException: [ConstraintDescriptorImpl{annotation=javax.validation.constraints.NotNull, payloads=[], hasComposingConstraints=true, isReportAsSingleInvalidConstraint=false, elementType=FIELD, definedOn=DEFINED_LOCALLY, groups=[interface javax.validation.groups.Default], attributes={message={javax.validation.constraints.NotNull.message}, payload=[Ljava.lang.Class;@edec92, groups=[Ljava.lang.Class;@46a658}}:may not be null=null][ConstraintDescriptorImpl{annotation=javax.validation.constraints.NotNull, payloads=[], hasComposingConstraints=true, isReportAsSingleInvalidConstraint=false, elementType=FIELD, definedOn=DEFINED_LOCALLY, groups=[interface javax.validation.groups.Default], attributes={message={javax.validation.constraints.NotNull.message}, payload=[Ljava.lang.Class;@edec92, groups=[Ljava.lang.Class;@46a658}}:may not be null=null][ConstraintDescriptorImpl{annotation=javax.validation.constraints.NotNull, payloads=[], hasComposingConstraints=true, isReportAsSingleInvalidConstraint=false, elementType=FIELD, definedOn=DEFINED_LOCALLY, groups=[interface javax.validation.groups.Default], attributes={message={javax.validation.constraints.NotNull.message}, payload=[Ljava.lang.Class;@edec92, groups=[Ljava.lang.Class;@46a658}}:may not be null=null]
	at com.source.project.entity.LoanDataOnDemand_Roo_DataOnDemand.ajc$interMethod$com_source_project_entity_LoanDataOnDemand_Roo_DataOnDemand$com_source_project_entity_LoanDataOnDemand$init(LoanDataOnDemand_Roo_DataOnDemand.aj:130)
	at com.source.project.entity.LoanDataOnDemand.init(LoanDataOnDemand.java:1)
	at com.source.project.entity.LoanDataOnDemand_Roo_DataOnDemand.ajc$interMethodDispatch1$com_source_project_entity_LoanDataOnDemand_Roo_DataOnDemand$com_source_project_entity_LoanDataOnDemand$init(LoanDataOnDemand_Roo_DataOnDemand.aj)
	at com.source.project.entity.LoanDataOnDemand_Roo_DataOnDemand.ajc$interMethod$com_source_project_entity_LoanDataOnDemand_Roo_DataOnDemand$com_source_project_entity_LoanDataOnDemand$getRandomLoan(LoanDataOnDemand_Roo_DataOnDemand.aj:98)
	at com.source.project.entity.LoanDataOnDemand.getRandomLoan(LoanDataOnDemand.java:1)
	at com.source.project.entity.LoanDataOnDemand_Roo_DataOnDemand.ajc$interMethodDispatch1$com_source_project_entity_LoanDataOnDemand_Roo_DataOnDemand$com_source_project_entity_LoanDataOnDemand$getRandomLoan(LoanDataOnDemand_Roo_DataOnDemand.aj)
	at com.source.project.entity.LoanIntegrationTest_Roo_IntegrationTest.ajc$interMethod$com_source_project_entity_LoanIntegrationTest_Roo_IntegrationTest$com_source_project_entity_LoanIntegrationTest$testPersist(LoanIntegrationTest_Roo_IntegrationTest.aj:100)
	at com.source.project.entity.LoanIntegrationTest.testPersist(LoanIntegrationTest.java:1)
	at sun.reflect.NativeMethodAccessorImpl.invoke0(Native Method)
	at sun.reflect.NativeMethodAccessorImpl.invoke(NativeMethodAccessorImpl.java:39)
	at sun.reflect.DelegatingMethodAccessorImpl.invoke(DelegatingMethodAccessorImpl.java:25)
	at java.lang.reflect.Method.invoke(Method.java:597)
	at org.junit.runners.model.FrameworkMethod$1.runReflectiveCall(FrameworkMethod.java:44)
	at org.junit.internal.runners.model.ReflectiveCallable.run(ReflectiveCallable.java:15)
	at org.junit.runners.model.FrameworkMethod.invokeExplosively(FrameworkMethod.java:41)
	at org.junit.internal.runners.statements.InvokeMethod.evaluate(InvokeMethod.java:20)
	at org.springframework.test.context.junit4.statements.RunBeforeTestMethodCallbacks.evaluate(RunBeforeTestMethodCallbacks.java:74)
	at org.springframework.test.context.junit4.statements.RunAfterTestMethodCallbacks.evaluate(RunAfterTestMethodCallbacks.java:83)
	at org.springframework.test.context.junit4.statements.SpringRepeat.evaluate(SpringRepeat.java:72)
	at org.springframework.test.context.junit4.SpringJUnit4ClassRunner.runChild(SpringJUnit4ClassRunner.java:231)
	at org.junit.runners.BlockJUnit4ClassRunner.runChild(BlockJUnit4ClassRunner.java:48)
	at org.junit.runners.ParentRunner$3.run(ParentRunner.java:231)
	at org.junit.runners.ParentRunner$1.schedule(ParentRunner.java:60)
	at org.junit.runners.ParentRunner.runChildren(ParentRunner.java:229)
	at org.junit.runners.ParentRunner.access$000(ParentRunner.java:50)
	at org.junit.runners.ParentRunner$2.evaluate(ParentRunner.java:222)
	at org.springframework.test.context.junit4.statements.RunBeforeTestClassCallbacks.evaluate(RunBeforeTestClassCallbacks.java:61)
	at org.springframework.test.context.junit4.statements.RunAfterTestClassCallbacks.evaluate(RunAfterTestClassCallbacks.java:71)
	at org.junit.runners.ParentRunner.run(ParentRunner.java:292)
	at org.springframework.test.context.junit4.SpringJUnit4ClassRunner.run(SpringJUnit4ClassRunner.java:174)
	at org.apache.maven.surefire.junit4.JUnit4TestSet.execute(JUnit4TestSet.java:53)
	at org.apache.maven.surefire.junit4.JUnit4Provider.executeTestSet(JUnit4Provider.java:123)
	at org.apache.maven.surefire.junit4.JUnit4Provider.invoke(JUnit4Provider.java:104)
	at sun.reflect.NativeMethodAccessorImpl.invoke0(Native Method)
	at sun.reflect.NativeMethodAccessorImpl.invoke(NativeMethodAccessorImpl.java:39)
	at sun.reflect.DelegatingMethodAccessorImpl.invoke(DelegatingMethodAccessorImpl.java:25)
	at java.lang.reflect.Method.invoke(Method.java:597)
	at org.apache.maven.surefire.util.ReflectionUtils.invokeMethodWithArray(ReflectionUtils.java:164)
	at org.apache.maven.surefire.booter.ProviderFactory$ProviderProxy.invoke(ProviderFactory.java:110)
	at org.apache.maven.surefire.booter.SurefireStarter.invokeProvider(SurefireStarter.java:172)
	at org.apache.maven.surefire.booter.SurefireStarter.runSuitesInProcessWhenForked(SurefireStarter.java:104)
	at org.apache.maven.surefire.booter.ForkedBooter.main(ForkedBooter.java:70)
Caused by: javax.validation.ConstraintViolationException: Validation failed for classes [com.source.project.entity.Loan] during persist time for groups [javax.validation.groups.Default, ]
List of constraint violations:[
	ConstraintViolationImpl{interpolatedMessage=&apos;may not be null&apos;, propertyPath=reason, rootBeanClass=class com.source.project.entity.Loan, messageTemplate=&apos;{javax.validation.constraints.NotNull.message}&apos;}
	ConstraintViolationImpl{interpolatedMessage=&apos;may not be null&apos;, propertyPath=moneyLoan, rootBeanClass=class com.source.project.entity.Loan, messageTemplate=&apos;{javax.validation.constraints.NotNull.message}&apos;}
	ConstraintViolationImpl{interpolatedMessage=&apos;may not be null&apos;, propertyPath=accountNumber, rootBeanClass=class com.source.project.entity.Loan, messageTemplate=&apos;{javax.validation.constraints.NotNull.message}&apos;}
]
	at org.hibernate.cfg.beanvalidation.BeanValidationEventListener.validate(BeanValidationEventListener.java:161)
	at org.hibernate.cfg.beanvalidation.BeanValidationEventListener.onPreInsert(BeanValidationEventListener.java:94)
	at org.hibernate.action.EntityIdentityInsertAction.preInsert(EntityIdentityInsertAction.java:160)
	at org.hibernate.action.EntityIdentityInsertAction.execute(EntityIdentityInsertAction.java:65)
	at org.hibernate.engine.ActionQueue.execute(ActionQueue.java:273)
	at org.hibernate.event.def.AbstractSaveEventListener.performSaveOrReplicate(AbstractSaveEventListener.java:320)
	at org.hibernate.event.def.AbstractSaveEventListener.performSave(AbstractSaveEventListener.java:203)
	at org.hibernate.event.def.AbstractSaveEventListener.saveWithGeneratedId(AbstractSaveEventListener.java:129)
	at org.hibernate.ejb.event.EJB3PersistEventListener.saveWithGeneratedId(EJB3PersistEventListener.java:69)
	at org.hibernate.event.def.DefaultPersistEventListener.entityIsTransient(DefaultPersistEventListener.java:179)
	at org.hibernate.event.def.DefaultPersistEventListener.onPersist(DefaultPersistEventListener.java:135)
	at org.hibernate.event.def.DefaultPersistEventListener.onPersist(DefaultPersistEventListener.java:61)
	at org.hibernate.impl.SessionImpl.firePersist(SessionImpl.java:808)
	at org.hibernate.impl.SessionImpl.persist(SessionImpl.java:782)
	at org.hibernate.impl.SessionImpl.persist(SessionImpl.java:786)
	at org.hibernate.ejb.AbstractEntityManagerImpl.persist(AbstractEntityManagerImpl.java:837)
	at sun.reflect.GeneratedMethodAccessor17.invoke(Unknown Source)
	at sun.reflect.DelegatingMethodAccessorImpl.invoke(DelegatingMethodAccessorImpl.java:25)
	at java.lang.reflect.Method.invoke(Method.java:597)
	at org.springframework.orm.jpa.SharedEntityManagerCreator$SharedEntityManagerInvocationHandler.invoke(SharedEntityManagerCreator.java:240)
	at $Proxy36.persist(Unknown Source)
	at com.source.project.entity.Loan_Roo_Jpa_ActiveRecord.ajc$interMethod$com_source_project_entity_Loan_Roo_Jpa_ActiveRecord$com_source_project_entity_Loan$persist(Loan_Roo_Jpa_ActiveRecord.aj:43)
	at com.source.project.entity.Loan.persist(Loan.java:1)
	at com.source.project.entity.Loan_Roo_Jpa_ActiveRecord.ajc$interMethodDispatch1$com_source_project_entity_Loan_Roo_Jpa_ActiveRecord$com_source_project_entity_Loan$persist(Loan_Roo_Jpa_ActiveRecord.aj)
	at com.source.project.entity.LoanDataOnDemand_Roo_DataOnDemand.ajc$interMethod$com_source_project_entity_LoanDataOnDemand_Roo_DataOnDemand$com_source_project_entity_LoanDataOnDemand$init(LoanDataOnDemand_Roo_DataOnDemand.aj:123)
	... 41 more
</error>
  </testcase>
  <testcase time="0.017" classname="com.source.project.entity.LoanIntegrationTest" name="testRemove">
    <error message="[ConstraintDescriptorImpl{annotation=javax.validation.constraints.NotNull, payloads=[], hasComposingConstraints=true, isReportAsSingleInvalidConstraint=false, elementType=FIELD, definedOn=DEFINED_LOCALLY, groups=[interface javax.validation.groups.Default], attributes={message={javax.validation.constraints.NotNull.message}, payload=[Ljava.lang.Class;@edec92, groups=[Ljava.lang.Class;@46a658}}:may not be null=null][ConstraintDescriptorImpl{annotation=javax.validation.constraints.NotNull, payloads=[], hasComposingConstraints=true, isReportAsSingleInvalidConstraint=false, elementType=FIELD, definedOn=DEFINED_LOCALLY, groups=[interface javax.validation.groups.Default], attributes={message={javax.validation.constraints.NotNull.message}, payload=[Ljava.lang.Class;@edec92, groups=[Ljava.lang.Class;@46a658}}:may not be null=null][ConstraintDescriptorImpl{annotation=javax.validation.constraints.NotNull, payloads=[], hasComposingConstraints=true, isReportAsSingleInvalidConstraint=false, elementType=FIELD, definedOn=DEFINED_LOCALLY, groups=[interface javax.validation.groups.Default], attributes={message={javax.validation.constraints.NotNull.message}, payload=[Ljava.lang.Class;@edec92, groups=[Ljava.lang.Class;@46a658}}:may not be null=null]" type="java.lang.RuntimeException">java.lang.RuntimeException: [ConstraintDescriptorImpl{annotation=javax.validation.constraints.NotNull, payloads=[], hasComposingConstraints=true, isReportAsSingleInvalidConstraint=false, elementType=FIELD, definedOn=DEFINED_LOCALLY, groups=[interface javax.validation.groups.Default], attributes={message={javax.validation.constraints.NotNull.message}, payload=[Ljava.lang.Class;@edec92, groups=[Ljava.lang.Class;@46a658}}:may not be null=null][ConstraintDescriptorImpl{annotation=javax.validation.constraints.NotNull, payloads=[], hasComposingConstraints=true, isReportAsSingleInvalidConstraint=false, elementType=FIELD, definedOn=DEFINED_LOCALLY, groups=[interface javax.validation.groups.Default], attributes={message={javax.validation.constraints.NotNull.message}, payload=[Ljava.lang.Class;@edec92, groups=[Ljava.lang.Class;@46a658}}:may not be null=null][ConstraintDescriptorImpl{annotation=javax.validation.constraints.NotNull, payloads=[], hasComposingConstraints=true, isReportAsSingleInvalidConstraint=false, elementType=FIELD, definedOn=DEFINED_LOCALLY, groups=[interface javax.validation.groups.Default], attributes={message={javax.validation.constraints.NotNull.message}, payload=[Ljava.lang.Class;@edec92, groups=[Ljava.lang.Class;@46a658}}:may not be null=null]
	at com.source.project.entity.LoanDataOnDemand_Roo_DataOnDemand.ajc$interMethod$com_source_project_entity_LoanDataOnDemand_Roo_DataOnDemand$com_source_project_entity_LoanDataOnDemand$init(LoanDataOnDemand_Roo_DataOnDemand.aj:130)
	at com.source.project.entity.LoanDataOnDemand.init(LoanDataOnDemand.java:1)
	at com.source.project.entity.LoanDataOnDemand_Roo_DataOnDemand.ajc$interMethodDispatch1$com_source_project_entity_LoanDataOnDemand_Roo_DataOnDemand$com_source_project_entity_LoanDataOnDemand$init(LoanDataOnDemand_Roo_DataOnDemand.aj)
	at com.source.project.entity.LoanDataOnDemand_Roo_DataOnDemand.ajc$interMethod$com_source_project_entity_LoanDataOnDemand_Roo_DataOnDemand$com_source_project_entity_LoanDataOnDemand$getRandomLoan(LoanDataOnDemand_Roo_DataOnDemand.aj:98)
	at com.source.project.entity.LoanDataOnDemand.getRandomLoan(LoanDataOnDemand.java:1)
	at com.source.project.entity.LoanDataOnDemand_Roo_DataOnDemand.ajc$interMethodDispatch1$com_source_project_entity_LoanDataOnDemand_Roo_DataOnDemand$com_source_project_entity_LoanDataOnDemand$getRandomLoan(LoanDataOnDemand_Roo_DataOnDemand.aj)
	at com.source.project.entity.LoanIntegrationTest_Roo_IntegrationTest.ajc$interMethod$com_source_project_entity_LoanIntegrationTest_Roo_IntegrationTest$com_source_project_entity_LoanIntegrationTest$testRemove(LoanIntegrationTest_Roo_IntegrationTest.aj:111)
	at com.source.project.entity.LoanIntegrationTest.testRemove(LoanIntegrationTest.java:1)
	at sun.reflect.NativeMethodAccessorImpl.invoke0(Native Method)
	at sun.reflect.NativeMethodAccessorImpl.invoke(NativeMethodAccessorImpl.java:39)
	at sun.reflect.DelegatingMethodAccessorImpl.invoke(DelegatingMethodAccessorImpl.java:25)
	at java.lang.reflect.Method.invoke(Method.java:597)
	at org.junit.runners.model.FrameworkMethod$1.runReflectiveCall(FrameworkMethod.java:44)
	at org.junit.internal.runners.model.ReflectiveCallable.run(ReflectiveCallable.java:15)
	at org.junit.runners.model.FrameworkMethod.invokeExplosively(FrameworkMethod.java:41)
	at org.junit.internal.runners.statements.InvokeMethod.evaluate(InvokeMethod.java:20)
	at org.springframework.test.context.junit4.statements.RunBeforeTestMethodCallbacks.evaluate(RunBeforeTestMethodCallbacks.java:74)
	at org.springframework.test.context.junit4.statements.RunAfterTestMethodCallbacks.evaluate(RunAfterTestMethodCallbacks.java:83)
	at org.springframework.test.context.junit4.statements.SpringRepeat.evaluate(SpringRepeat.java:72)
	at org.springframework.test.context.junit4.SpringJUnit4ClassRunner.runChild(SpringJUnit4ClassRunner.java:231)
	at org.junit.runners.BlockJUnit4ClassRunner.runChild(BlockJUnit4ClassRunner.java:48)
	at org.junit.runners.ParentRunner$3.run(ParentRunner.java:231)
	at org.junit.runners.ParentRunner$1.schedule(ParentRunner.java:60)
	at org.junit.runners.ParentRunner.runChildren(ParentRunner.java:229)
	at org.junit.runners.ParentRunner.access$000(ParentRunner.java:50)
	at org.junit.runners.ParentRunner$2.evaluate(ParentRunner.java:222)
	at org.springframework.test.context.junit4.statements.RunBeforeTestClassCallbacks.evaluate(RunBeforeTestClassCallbacks.java:61)
	at org.springframework.test.context.junit4.statements.RunAfterTestClassCallbacks.evaluate(RunAfterTestClassCallbacks.java:71)
	at org.junit.runners.ParentRunner.run(ParentRunner.java:292)
	at org.springframework.test.context.junit4.SpringJUnit4ClassRunner.run(SpringJUnit4ClassRunner.java:174)
	at org.apache.maven.surefire.junit4.JUnit4TestSet.execute(JUnit4TestSet.java:53)
	at org.apache.maven.surefire.junit4.JUnit4Provider.executeTestSet(JUnit4Provider.java:123)
	at org.apache.maven.surefire.junit4.JUnit4Provider.invoke(JUnit4Provider.java:104)
	at sun.reflect.NativeMethodAccessorImpl.invoke0(Native Method)
	at sun.reflect.NativeMethodAccessorImpl.invoke(NativeMethodAccessorImpl.java:39)
	at sun.reflect.DelegatingMethodAccessorImpl.invoke(DelegatingMethodAccessorImpl.java:25)
	at java.lang.reflect.Method.invoke(Method.java:597)
	at org.apache.maven.surefire.util.ReflectionUtils.invokeMethodWithArray(ReflectionUtils.java:164)
	at org.apache.maven.surefire.booter.ProviderFactory$ProviderProxy.invoke(ProviderFactory.java:110)
	at org.apache.maven.surefire.booter.SurefireStarter.invokeProvider(SurefireStarter.java:172)
	at org.apache.maven.surefire.booter.SurefireStarter.runSuitesInProcessWhenForked(SurefireStarter.java:104)
	at org.apache.maven.surefire.booter.ForkedBooter.main(ForkedBooter.java:70)
Caused by: javax.validation.ConstraintViolationException: Validation failed for classes [com.source.project.entity.Loan] during persist time for groups [javax.validation.groups.Default, ]
List of constraint violations:[
	ConstraintViolationImpl{interpolatedMessage=&apos;may not be null&apos;, propertyPath=reason, rootBeanClass=class com.source.project.entity.Loan, messageTemplate=&apos;{javax.validation.constraints.NotNull.message}&apos;}
	ConstraintViolationImpl{interpolatedMessage=&apos;may not be null&apos;, propertyPath=accountNumber, rootBeanClass=class com.source.project.entity.Loan, messageTemplate=&apos;{javax.validation.constraints.NotNull.message}&apos;}
	ConstraintViolationImpl{interpolatedMessage=&apos;may not be null&apos;, propertyPath=moneyLoan, rootBeanClass=class com.source.project.entity.Loan, messageTemplate=&apos;{javax.validation.constraints.NotNull.message}&apos;}
]
	at org.hibernate.cfg.beanvalidation.BeanValidationEventListener.validate(BeanValidationEventListener.java:161)
	at org.hibernate.cfg.beanvalidation.BeanValidationEventListener.onPreInsert(BeanValidationEventListener.java:94)
	at org.hibernate.action.EntityIdentityInsertAction.preInsert(EntityIdentityInsertAction.java:160)
	at org.hibernate.action.EntityIdentityInsertAction.execute(EntityIdentityInsertAction.java:65)
	at org.hibernate.engine.ActionQueue.execute(ActionQueue.java:273)
	at org.hibernate.event.def.AbstractSaveEventListener.performSaveOrReplicate(AbstractSaveEventListener.java:320)
	at org.hibernate.event.def.AbstractSaveEventListener.performSave(AbstractSaveEventListener.java:203)
	at org.hibernate.event.def.AbstractSaveEventListener.saveWithGeneratedId(AbstractSaveEventListener.java:129)
	at org.hibernate.ejb.event.EJB3PersistEventListener.saveWithGeneratedId(EJB3PersistEventListener.java:69)
	at org.hibernate.event.def.DefaultPersistEventListener.entityIsTransient(DefaultPersistEventListener.java:179)
	at org.hibernate.event.def.DefaultPersistEventListener.onPersist(DefaultPersistEventListener.java:135)
	at org.hibernate.event.def.DefaultPersistEventListener.onPersist(DefaultPersistEventListener.java:61)
	at org.hibernate.impl.SessionImpl.firePersist(SessionImpl.java:808)
	at org.hibernate.impl.SessionImpl.persist(SessionImpl.java:782)
	at org.hibernate.impl.SessionImpl.persist(SessionImpl.java:786)
	at org.hibernate.ejb.AbstractEntityManagerImpl.persist(AbstractEntityManagerImpl.java:837)
	at sun.reflect.GeneratedMethodAccessor17.invoke(Unknown Source)
	at sun.reflect.DelegatingMethodAccessorImpl.invoke(DelegatingMethodAccessorImpl.java:25)
	at java.lang.reflect.Method.invoke(Method.java:597)
	at org.springframework.orm.jpa.SharedEntityManagerCreator$SharedEntityManagerInvocationHandler.invoke(SharedEntityManagerCreator.java:240)
	at $Proxy36.persist(Unknown Source)
	at com.source.project.entity.Loan_Roo_Jpa_ActiveRecord.ajc$interMethod$com_source_project_entity_Loan_Roo_Jpa_ActiveRecord$com_source_project_entity_Loan$persist(Loan_Roo_Jpa_ActiveRecord.aj:43)
	at com.source.project.entity.Loan.persist(Loan.java:1)
	at com.source.project.entity.Loan_Roo_Jpa_ActiveRecord.ajc$interMethodDispatch1$com_source_project_entity_Loan_Roo_Jpa_ActiveRecord$com_source_project_entity_Loan$persist(Loan_Roo_Jpa_ActiveRecord.aj)
	at com.source.project.entity.LoanDataOnDemand_Roo_DataOnDemand.ajc$interMethod$com_source_project_entity_LoanDataOnDemand_Roo_DataOnDemand$com_source_project_entity_LoanDataOnDemand$init(LoanDataOnDemand_Roo_DataOnDemand.aj:123)
	... 41 more
</error>
  </testcase>
  <testcase time="0" classname="com.source.project.entity.LoanIntegrationTest" name="testAccount"/>
  <testcase time="0" classname="com.source.project.entity.LoanIntegrationTest" name="testLength_550"/>
  <testcase time="0.004" classname="com.source.project.entity.LoanIntegrationTest" name="testMoneyLoan"/>
  <testcase time="0.004" classname="com.source.project.entity.LoanIntegrationTest" name="testReason"/>
  <testcase time="0.023" classname="com.source.project.entity.LoanIntegrationTest" name="testCountLoans">
    <error message="[ConstraintDescriptorImpl{annotation=javax.validation.constraints.NotNull, payloads=[], hasComposingConstraints=true, isReportAsSingleInvalidConstraint=false, elementType=FIELD, definedOn=DEFINED_LOCALLY, groups=[interface javax.validation.groups.Default], attributes={message={javax.validation.constraints.NotNull.message}, payload=[Ljava.lang.Class;@edec92, groups=[Ljava.lang.Class;@46a658}}:may not be null=null][ConstraintDescriptorImpl{annotation=javax.validation.constraints.NotNull, payloads=[], hasComposingConstraints=true, isReportAsSingleInvalidConstraint=false, elementType=FIELD, definedOn=DEFINED_LOCALLY, groups=[interface javax.validation.groups.Default], attributes={message={javax.validation.constraints.NotNull.message}, payload=[Ljava.lang.Class;@edec92, groups=[Ljava.lang.Class;@46a658}}:may not be null=null][ConstraintDescriptorImpl{annotation=javax.validation.constraints.NotNull, payloads=[], hasComposingConstraints=true, isReportAsSingleInvalidConstraint=false, elementType=FIELD, definedOn=DEFINED_LOCALLY, groups=[interface javax.validation.groups.Default], attributes={message={javax.validation.constraints.NotNull.message}, payload=[Ljava.lang.Class;@edec92, groups=[Ljava.lang.Class;@46a658}}:may not be null=null]" type="java.lang.RuntimeException">java.lang.RuntimeException: [ConstraintDescriptorImpl{annotation=javax.validation.constraints.NotNull, payloads=[], hasComposingConstraints=true, isReportAsSingleInvalidConstraint=false, elementType=FIELD, definedOn=DEFINED_LOCALLY, groups=[interface javax.validation.groups.Default], attributes={message={javax.validation.constraints.NotNull.message}, payload=[Ljava.lang.Class;@edec92, groups=[Ljava.lang.Class;@46a658}}:may not be null=null][ConstraintDescriptorImpl{annotation=javax.validation.constraints.NotNull, payloads=[], hasComposingConstraints=true, isReportAsSingleInvalidConstraint=false, elementType=FIELD, definedOn=DEFINED_LOCALLY, groups=[interface javax.validation.groups.Default], attributes={message={javax.validation.constraints.NotNull.message}, payload=[Ljava.lang.Class;@edec92, groups=[Ljava.lang.Class;@46a658}}:may not be null=null][ConstraintDescriptorImpl{annotation=javax.validation.constraints.NotNull, payloads=[], hasComposingConstraints=true, isReportAsSingleInvalidConstraint=false, elementType=FIELD, definedOn=DEFINED_LOCALLY, groups=[interface javax.validation.groups.Default], attributes={message={javax.validation.constraints.NotNull.message}, payload=[Ljava.lang.Class;@edec92, groups=[Ljava.lang.Class;@46a658}}:may not be null=null]
	at com.source.project.entity.LoanDataOnDemand_Roo_DataOnDemand.ajc$interMethod$com_source_project_entity_LoanDataOnDemand_Roo_DataOnDemand$com_source_project_entity_LoanDataOnDemand$init(LoanDataOnDemand_Roo_DataOnDemand.aj:130)
	at com.source.project.entity.LoanDataOnDemand.init(LoanDataOnDemand.java:1)
	at com.source.project.entity.LoanDataOnDemand_Roo_DataOnDemand.ajc$interMethodDispatch1$com_source_project_entity_LoanDataOnDemand_Roo_DataOnDemand$com_source_project_entity_LoanDataOnDemand$init(LoanDataOnDemand_Roo_DataOnDemand.aj)
	at com.source.project.entity.LoanDataOnDemand_Roo_DataOnDemand.ajc$interMethod$com_source_project_entity_LoanDataOnDemand_Roo_DataOnDemand$com_source_project_entity_LoanDataOnDemand$getRandomLoan(LoanDataOnDemand_Roo_DataOnDemand.aj:98)
	at com.source.project.entity.LoanDataOnDemand.getRandomLoan(LoanDataOnDemand.java:1)
	at com.source.project.entity.LoanDataOnDemand_Roo_DataOnDemand.ajc$interMethodDispatch1$com_source_project_entity_LoanDataOnDemand_Roo_DataOnDemand$com_source_project_entity_LoanDataOnDemand$getRandomLoan(LoanDataOnDemand_Roo_DataOnDemand.aj)
	at com.source.project.entity.LoanIntegrationTest_Roo_IntegrationTest.ajc$interMethod$com_source_project_entity_LoanIntegrationTest_Roo_IntegrationTest$com_source_project_entity_LoanIntegrationTest$testCountLoans(LoanIntegrationTest_Roo_IntegrationTest.aj:31)
	at com.source.project.entity.LoanIntegrationTest.testCountLoans(LoanIntegrationTest.java:1)
	at sun.reflect.NativeMethodAccessorImpl.invoke0(Native Method)
	at sun.reflect.NativeMethodAccessorImpl.invoke(NativeMethodAccessorImpl.java:39)
	at sun.reflect.DelegatingMethodAccessorImpl.invoke(DelegatingMethodAccessorImpl.java:25)
	at java.lang.reflect.Method.invoke(Method.java:597)
	at org.junit.runners.model.FrameworkMethod$1.runReflectiveCall(FrameworkMethod.java:44)
	at org.junit.internal.runners.model.ReflectiveCallable.run(ReflectiveCallable.java:15)
	at org.junit.runners.model.FrameworkMethod.invokeExplosively(FrameworkMethod.java:41)
	at org.junit.internal.runners.statements.InvokeMethod.evaluate(InvokeMethod.java:20)
	at org.springframework.test.context.junit4.statements.RunBeforeTestMethodCallbacks.evaluate(RunBeforeTestMethodCallbacks.java:74)
	at org.springframework.test.context.junit4.statements.RunAfterTestMethodCallbacks.evaluate(RunAfterTestMethodCallbacks.java:83)
	at org.springframework.test.context.junit4.statements.SpringRepeat.evaluate(SpringRepeat.java:72)
	at org.springframework.test.context.junit4.SpringJUnit4ClassRunner.runChild(SpringJUnit4ClassRunner.java:231)
	at org.junit.runners.BlockJUnit4ClassRunner.runChild(BlockJUnit4ClassRunner.java:48)
	at org.junit.runners.ParentRunner$3.run(ParentRunner.java:231)
	at org.junit.runners.ParentRunner$1.schedule(ParentRunner.java:60)
	at org.junit.runners.ParentRunner.runChildren(ParentRunner.java:229)
	at org.junit.runners.ParentRunner.access$000(ParentRunner.java:50)
	at org.junit.runners.ParentRunner$2.evaluate(ParentRunner.java:222)
	at org.springframework.test.context.junit4.statements.RunBeforeTestClassCallbacks.evaluate(RunBeforeTestClassCallbacks.java:61)
	at org.springframework.test.context.junit4.statements.RunAfterTestClassCallbacks.evaluate(RunAfterTestClassCallbacks.java:71)
	at org.junit.runners.ParentRunner.run(ParentRunner.java:292)
	at org.springframework.test.context.junit4.SpringJUnit4ClassRunner.run(SpringJUnit4ClassRunner.java:174)
	at org.apache.maven.surefire.junit4.JUnit4TestSet.execute(JUnit4TestSet.java:53)
	at org.apache.maven.surefire.junit4.JUnit4Provider.executeTestSet(JUnit4Provider.java:123)
	at org.apache.maven.surefire.junit4.JUnit4Provider.invoke(JUnit4Provider.java:104)
	at sun.reflect.NativeMethodAccessorImpl.invoke0(Native Method)
	at sun.reflect.NativeMethodAccessorImpl.invoke(NativeMethodAccessorImpl.java:39)
	at sun.reflect.DelegatingMethodAccessorImpl.invoke(DelegatingMethodAccessorImpl.java:25)
	at java.lang.reflect.Method.invoke(Method.java:597)
	at org.apache.maven.surefire.util.ReflectionUtils.invokeMethodWithArray(ReflectionUtils.java:164)
	at org.apache.maven.surefire.booter.ProviderFactory$ProviderProxy.invoke(ProviderFactory.java:110)
	at org.apache.maven.surefire.booter.SurefireStarter.invokeProvider(SurefireStarter.java:172)
	at org.apache.maven.surefire.booter.SurefireStarter.runSuitesInProcessWhenForked(SurefireStarter.java:104)
	at org.apache.maven.surefire.booter.ForkedBooter.main(ForkedBooter.java:70)
Caused by: javax.validation.ConstraintViolationException: Validation failed for classes [com.source.project.entity.Loan] during persist time for groups [javax.validation.groups.Default, ]
List of constraint violations:[
	ConstraintViolationImpl{interpolatedMessage=&apos;may not be null&apos;, propertyPath=moneyLoan, rootBeanClass=class com.source.project.entity.Loan, messageTemplate=&apos;{javax.validation.constraints.NotNull.message}&apos;}
	ConstraintViolationImpl{interpolatedMessage=&apos;may not be null&apos;, propertyPath=accountNumber, rootBeanClass=class com.source.project.entity.Loan, messageTemplate=&apos;{javax.validation.constraints.NotNull.message}&apos;}
	ConstraintViolationImpl{interpolatedMessage=&apos;may not be null&apos;, propertyPath=reason, rootBeanClass=class com.source.project.entity.Loan, messageTemplate=&apos;{javax.validation.constraints.NotNull.message}&apos;}
]
	at org.hibernate.cfg.beanvalidation.BeanValidationEventListener.validate(BeanValidationEventListener.java:161)
	at org.hibernate.cfg.beanvalidation.BeanValidationEventListener.onPreInsert(BeanValidationEventListener.java:94)
	at org.hibernate.action.EntityIdentityInsertAction.preInsert(EntityIdentityInsertAction.java:160)
	at org.hibernate.action.EntityIdentityInsertAction.execute(EntityIdentityInsertAction.java:65)
	at org.hibernate.engine.ActionQueue.execute(ActionQueue.java:273)
	at org.hibernate.event.def.AbstractSaveEventListener.performSaveOrReplicate(AbstractSaveEventListener.java:320)
	at org.hibernate.event.def.AbstractSaveEventListener.performSave(AbstractSaveEventListener.java:203)
	at org.hibernate.event.def.AbstractSaveEventListener.saveWithGeneratedId(AbstractSaveEventListener.java:129)
	at org.hibernate.ejb.event.EJB3PersistEventListener.saveWithGeneratedId(EJB3PersistEventListener.java:69)
	at org.hibernate.event.def.DefaultPersistEventListener.entityIsTransient(DefaultPersistEventListener.java:179)
	at org.hibernate.event.def.DefaultPersistEventListener.onPersist(DefaultPersistEventListener.java:135)
	at org.hibernate.event.def.DefaultPersistEventListener.onPersist(DefaultPersistEventListener.java:61)
	at org.hibernate.impl.SessionImpl.firePersist(SessionImpl.java:808)
	at org.hibernate.impl.SessionImpl.persist(SessionImpl.java:782)
	at org.hibernate.impl.SessionImpl.persist(SessionImpl.java:786)
	at org.hibernate.ejb.AbstractEntityManagerImpl.persist(AbstractEntityManagerImpl.java:837)
	at sun.reflect.GeneratedMethodAccessor17.invoke(Unknown Source)
	at sun.reflect.DelegatingMethodAccessorImpl.invoke(DelegatingMethodAccessorImpl.java:25)
	at java.lang.reflect.Method.invoke(Method.java:597)
	at org.springframework.orm.jpa.SharedEntityManagerCreator$SharedEntityManagerInvocationHandler.invoke(SharedEntityManagerCreator.java:240)
	at $Proxy36.persist(Unknown Source)
	at com.source.project.entity.Loan_Roo_Jpa_ActiveRecord.ajc$interMethod$com_source_project_entity_Loan_Roo_Jpa_ActiveRecord$com_source_project_entity_Loan$persist(Loan_Roo_Jpa_ActiveRecord.aj:43)
	at com.source.project.entity.Loan.persist(Loan.java:1)
	at com.source.project.entity.Loan_Roo_Jpa_ActiveRecord.ajc$interMethodDispatch1$com_source_project_entity_Loan_Roo_Jpa_ActiveRecord$com_source_project_entity_Loan$persist(Loan_Roo_Jpa_ActiveRecord.aj)
	at com.source.project.entity.LoanDataOnDemand_Roo_DataOnDemand.ajc$interMethod$com_source_project_entity_LoanDataOnDemand_Roo_DataOnDemand$com_source_project_entity_LoanDataOnDemand$init(LoanDataOnDemand_Roo_DataOnDemand.aj:123)
	... 41 more
</error>
  </testcase>
  <testcase time="0.021" classname="com.source.project.entity.LoanIntegrationTest" name="testFindLoan">
    <error message="[ConstraintDescriptorImpl{annotation=javax.validation.constraints.NotNull, payloads=[], hasComposingConstraints=true, isReportAsSingleInvalidConstraint=false, elementType=FIELD, definedOn=DEFINED_LOCALLY, groups=[interface javax.validation.groups.Default], attributes={message={javax.validation.constraints.NotNull.message}, payload=[Ljava.lang.Class;@edec92, groups=[Ljava.lang.Class;@46a658}}:may not be null=null][ConstraintDescriptorImpl{annotation=javax.validation.constraints.NotNull, payloads=[], hasComposingConstraints=true, isReportAsSingleInvalidConstraint=false, elementType=FIELD, definedOn=DEFINED_LOCALLY, groups=[interface javax.validation.groups.Default], attributes={message={javax.validation.constraints.NotNull.message}, payload=[Ljava.lang.Class;@edec92, groups=[Ljava.lang.Class;@46a658}}:may not be null=null][ConstraintDescriptorImpl{annotation=javax.validation.constraints.NotNull, payloads=[], hasComposingConstraints=true, isReportAsSingleInvalidConstraint=false, elementType=FIELD, definedOn=DEFINED_LOCALLY, groups=[interface javax.validation.groups.Default], attributes={message={javax.validation.constraints.NotNull.message}, payload=[Ljava.lang.Class;@edec92, groups=[Ljava.lang.Class;@46a658}}:may not be null=null]" type="java.lang.RuntimeException">java.lang.RuntimeException: [ConstraintDescriptorImpl{annotation=javax.validation.constraints.NotNull, payloads=[], hasComposingConstraints=true, isReportAsSingleInvalidConstraint=false, elementType=FIELD, definedOn=DEFINED_LOCALLY, groups=[interface javax.validation.groups.Default], attributes={message={javax.validation.constraints.NotNull.message}, payload=[Ljava.lang.Class;@edec92, groups=[Ljava.lang.Class;@46a658}}:may not be null=null][ConstraintDescriptorImpl{annotation=javax.validation.constraints.NotNull, payloads=[], hasComposingConstraints=true, isReportAsSingleInvalidConstraint=false, elementType=FIELD, definedOn=DEFINED_LOCALLY, groups=[interface javax.validation.groups.Default], attributes={message={javax.validation.constraints.NotNull.message}, payload=[Ljava.lang.Class;@edec92, groups=[Ljava.lang.Class;@46a658}}:may not be null=null][ConstraintDescriptorImpl{annotation=javax.validation.constraints.NotNull, payloads=[], hasComposingConstraints=true, isReportAsSingleInvalidConstraint=false, elementType=FIELD, definedOn=DEFINED_LOCALLY, groups=[interface javax.validation.groups.Default], attributes={message={javax.validation.constraints.NotNull.message}, payload=[Ljava.lang.Class;@edec92, groups=[Ljava.lang.Class;@46a658}}:may not be null=null]
	at com.source.project.entity.LoanDataOnDemand_Roo_DataOnDemand.ajc$interMethod$com_source_project_entity_LoanDataOnDemand_Roo_DataOnDemand$com_source_project_entity_LoanDataOnDemand$init(LoanDataOnDemand_Roo_DataOnDemand.aj:130)
	at com.source.project.entity.LoanDataOnDemand.init(LoanDataOnDemand.java:1)
	at com.source.project.entity.LoanDataOnDemand_Roo_DataOnDemand.ajc$interMethodDispatch1$com_source_project_entity_LoanDataOnDemand_Roo_DataOnDemand$com_source_project_entity_LoanDataOnDemand$init(LoanDataOnDemand_Roo_DataOnDemand.aj)
	at com.source.project.entity.LoanDataOnDemand_Roo_DataOnDemand.ajc$interMethod$com_source_project_entity_LoanDataOnDemand_Roo_DataOnDemand$com_source_project_entity_LoanDataOnDemand$getRandomLoan(LoanDataOnDemand_Roo_DataOnDemand.aj:98)
	at com.source.project.entity.LoanDataOnDemand.getRandomLoan(LoanDataOnDemand.java:1)
	at com.source.project.entity.LoanDataOnDemand_Roo_DataOnDemand.ajc$interMethodDispatch1$com_source_project_entity_LoanDataOnDemand_Roo_DataOnDemand$com_source_project_entity_LoanDataOnDemand$getRandomLoan(LoanDataOnDemand_Roo_DataOnDemand.aj)
	at com.source.project.entity.LoanIntegrationTest_Roo_IntegrationTest.ajc$interMethod$com_source_project_entity_LoanIntegrationTest_Roo_IntegrationTest$com_source_project_entity_LoanIntegrationTest$testFindLoan(LoanIntegrationTest_Roo_IntegrationTest.aj:38)
	at com.source.project.entity.LoanIntegrationTest.testFindLoan(LoanIntegrationTest.java:1)
	at sun.reflect.NativeMethodAccessorImpl.invoke0(Native Method)
	at sun.reflect.NativeMethodAccessorImpl.invoke(NativeMethodAccessorImpl.java:39)
	at sun.reflect.DelegatingMethodAccessorImpl.invoke(DelegatingMethodAccessorImpl.java:25)
	at java.lang.reflect.Method.invoke(Method.java:597)
	at org.junit.runners.model.FrameworkMethod$1.runReflectiveCall(FrameworkMethod.java:44)
	at org.junit.internal.runners.model.ReflectiveCallable.run(ReflectiveCallable.java:15)
	at org.junit.runners.model.FrameworkMethod.invokeExplosively(FrameworkMethod.java:41)
	at org.junit.internal.runners.statements.InvokeMethod.evaluate(InvokeMethod.java:20)
	at org.springframework.test.context.junit4.statements.RunBeforeTestMethodCallbacks.evaluate(RunBeforeTestMethodCallbacks.java:74)
	at org.springframework.test.context.junit4.statements.RunAfterTestMethodCallbacks.evaluate(RunAfterTestMethodCallbacks.java:83)
	at org.springframework.test.context.junit4.statements.SpringRepeat.evaluate(SpringRepeat.java:72)
	at org.springframework.test.context.junit4.SpringJUnit4ClassRunner.runChild(SpringJUnit4ClassRunner.java:231)
	at org.junit.runners.BlockJUnit4ClassRunner.runChild(BlockJUnit4ClassRunner.java:48)
	at org.junit.runners.ParentRunner$3.run(ParentRunner.java:231)
	at org.junit.runners.ParentRunner$1.schedule(ParentRunner.java:60)
	at org.junit.runners.ParentRunner.runChildren(ParentRunner.java:229)
	at org.junit.runners.ParentRunner.access$000(ParentRunner.java:50)
	at org.junit.runners.ParentRunner$2.evaluate(ParentRunner.java:222)
	at org.springframework.test.context.junit4.statements.RunBeforeTestClassCallbacks.evaluate(RunBeforeTestClassCallbacks.java:61)
	at org.springframework.test.context.junit4.statements.RunAfterTestClassCallbacks.evaluate(RunAfterTestClassCallbacks.java:71)
	at org.junit.runners.ParentRunner.run(ParentRunner.java:292)
	at org.springframework.test.context.junit4.SpringJUnit4ClassRunner.run(SpringJUnit4ClassRunner.java:174)
	at org.apache.maven.surefire.junit4.JUnit4TestSet.execute(JUnit4TestSet.java:53)
	at org.apache.maven.surefire.junit4.JUnit4Provider.executeTestSet(JUnit4Provider.java:123)
	at org.apache.maven.surefire.junit4.JUnit4Provider.invoke(JUnit4Provider.java:104)
	at sun.reflect.NativeMethodAccessorImpl.invoke0(Native Method)
	at sun.reflect.NativeMethodAccessorImpl.invoke(NativeMethodAccessorImpl.java:39)
	at sun.reflect.DelegatingMethodAccessorImpl.invoke(DelegatingMethodAccessorImpl.java:25)
	at java.lang.reflect.Method.invoke(Method.java:597)
	at org.apache.maven.surefire.util.ReflectionUtils.invokeMethodWithArray(ReflectionUtils.java:164)
	at org.apache.maven.surefire.booter.ProviderFactory$ProviderProxy.invoke(ProviderFactory.java:110)
	at org.apache.maven.surefire.booter.SurefireStarter.invokeProvider(SurefireStarter.java:172)
	at org.apache.maven.surefire.booter.SurefireStarter.runSuitesInProcessWhenForked(SurefireStarter.java:104)
	at org.apache.maven.surefire.booter.ForkedBooter.main(ForkedBooter.java:70)
Caused by: javax.validation.ConstraintViolationException: Validation failed for classes [com.source.project.entity.Loan] during persist time for groups [javax.validation.groups.Default, ]
List of constraint violations:[
	ConstraintViolationImpl{interpolatedMessage=&apos;may not be null&apos;, propertyPath=moneyLoan, rootBeanClass=class com.source.project.entity.Loan, messageTemplate=&apos;{javax.validation.constraints.NotNull.message}&apos;}
	ConstraintViolationImpl{interpolatedMessage=&apos;may not be null&apos;, propertyPath=accountNumber, rootBeanClass=class com.source.project.entity.Loan, messageTemplate=&apos;{javax.validation.constraints.NotNull.message}&apos;}
	ConstraintViolationImpl{interpolatedMessage=&apos;may not be null&apos;, propertyPath=reason, rootBeanClass=class com.source.project.entity.Loan, messageTemplate=&apos;{javax.validation.constraints.NotNull.message}&apos;}
]
	at org.hibernate.cfg.beanvalidation.BeanValidationEventListener.validate(BeanValidationEventListener.java:161)
	at org.hibernate.cfg.beanvalidation.BeanValidationEventListener.onPreInsert(BeanValidationEventListener.java:94)
	at org.hibernate.action.EntityIdentityInsertAction.preInsert(EntityIdentityInsertAction.java:160)
	at org.hibernate.action.EntityIdentityInsertAction.execute(EntityIdentityInsertAction.java:65)
	at org.hibernate.engine.ActionQueue.execute(ActionQueue.java:273)
	at org.hibernate.event.def.AbstractSaveEventListener.performSaveOrReplicate(AbstractSaveEventListener.java:320)
	at org.hibernate.event.def.AbstractSaveEventListener.performSave(AbstractSaveEventListener.java:203)
	at org.hibernate.event.def.AbstractSaveEventListener.saveWithGeneratedId(AbstractSaveEventListener.java:129)
	at org.hibernate.ejb.event.EJB3PersistEventListener.saveWithGeneratedId(EJB3PersistEventListener.java:69)
	at org.hibernate.event.def.DefaultPersistEventListener.entityIsTransient(DefaultPersistEventListener.java:179)
	at org.hibernate.event.def.DefaultPersistEventListener.onPersist(DefaultPersistEventListener.java:135)
	at org.hibernate.event.def.DefaultPersistEventListener.onPersist(DefaultPersistEventListener.java:61)
	at org.hibernate.impl.SessionImpl.firePersist(SessionImpl.java:808)
	at org.hibernate.impl.SessionImpl.persist(SessionImpl.java:782)
	at org.hibernate.impl.SessionImpl.persist(SessionImpl.java:786)
	at org.hibernate.ejb.AbstractEntityManagerImpl.persist(AbstractEntityManagerImpl.java:837)
	at sun.reflect.GeneratedMethodAccessor17.invoke(Unknown Source)
	at sun.reflect.DelegatingMethodAccessorImpl.invoke(DelegatingMethodAccessorImpl.java:25)
	at java.lang.reflect.Method.invoke(Method.java:597)
	at org.springframework.orm.jpa.SharedEntityManagerCreator$SharedEntityManagerInvocationHandler.invoke(SharedEntityManagerCreator.java:240)
	at $Proxy36.persist(Unknown Source)
	at com.source.project.entity.Loan_Roo_Jpa_ActiveRecord.ajc$interMethod$com_source_project_entity_Loan_Roo_Jpa_ActiveRecord$com_source_project_entity_Loan$persist(Loan_Roo_Jpa_ActiveRecord.aj:43)
	at com.source.project.entity.Loan.persist(Loan.java:1)
	at com.source.project.entity.Loan_Roo_Jpa_ActiveRecord.ajc$interMethodDispatch1$com_source_project_entity_Loan_Roo_Jpa_ActiveRecord$com_source_project_entity_Loan$persist(Loan_Roo_Jpa_ActiveRecord.aj)
	at com.source.project.entity.LoanDataOnDemand_Roo_DataOnDemand.ajc$interMethod$com_source_project_entity_LoanDataOnDemand_Roo_DataOnDemand$com_source_project_entity_LoanDataOnDemand$init(LoanDataOnDemand_Roo_DataOnDemand.aj:123)
	... 41 more
</error>
  </testcase>
  <testcase time="0.031" classname="com.source.project.entity.LoanIntegrationTest" name="testFindAllLoans">
    <error message="[ConstraintDescriptorImpl{annotation=javax.validation.constraints.NotNull, payloads=[], hasComposingConstraints=true, isReportAsSingleInvalidConstraint=false, elementType=FIELD, definedOn=DEFINED_LOCALLY, groups=[interface javax.validation.groups.Default], attributes={message={javax.validation.constraints.NotNull.message}, payload=[Ljava.lang.Class;@edec92, groups=[Ljava.lang.Class;@46a658}}:may not be null=null][ConstraintDescriptorImpl{annotation=javax.validation.constraints.NotNull, payloads=[], hasComposingConstraints=true, isReportAsSingleInvalidConstraint=false, elementType=FIELD, definedOn=DEFINED_LOCALLY, groups=[interface javax.validation.groups.Default], attributes={message={javax.validation.constraints.NotNull.message}, payload=[Ljava.lang.Class;@edec92, groups=[Ljava.lang.Class;@46a658}}:may not be null=null][ConstraintDescriptorImpl{annotation=javax.validation.constraints.NotNull, payloads=[], hasComposingConstraints=true, isReportAsSingleInvalidConstraint=false, elementType=FIELD, definedOn=DEFINED_LOCALLY, groups=[interface javax.validation.groups.Default], attributes={message={javax.validation.constraints.NotNull.message}, payload=[Ljava.lang.Class;@edec92, groups=[Ljava.lang.Class;@46a658}}:may not be null=null]" type="java.lang.RuntimeException">java.lang.RuntimeException: [ConstraintDescriptorImpl{annotation=javax.validation.constraints.NotNull, payloads=[], hasComposingConstraints=true, isReportAsSingleInvalidConstraint=false, elementType=FIELD, definedOn=DEFINED_LOCALLY, groups=[interface javax.validation.groups.Default], attributes={message={javax.validation.constraints.NotNull.message}, payload=[Ljava.lang.Class;@edec92, groups=[Ljava.lang.Class;@46a658}}:may not be null=null][ConstraintDescriptorImpl{annotation=javax.validation.constraints.NotNull, payloads=[], hasComposingConstraints=true, isReportAsSingleInvalidConstraint=false, elementType=FIELD, definedOn=DEFINED_LOCALLY, groups=[interface javax.validation.groups.Default], attributes={message={javax.validation.constraints.NotNull.message}, payload=[Ljava.lang.Class;@edec92, groups=[Ljava.lang.Class;@46a658}}:may not be null=null][ConstraintDescriptorImpl{annotation=javax.validation.constraints.NotNull, payloads=[], hasComposingConstraints=true, isReportAsSingleInvalidConstraint=false, elementType=FIELD, definedOn=DEFINED_LOCALLY, groups=[interface javax.validation.groups.Default], attributes={message={javax.validation.constraints.NotNull.message}, payload=[Ljava.lang.Class;@edec92, groups=[Ljava.lang.Class;@46a658}}:may not be null=null]
	at com.source.project.entity.LoanDataOnDemand_Roo_DataOnDemand.ajc$interMethod$com_source_project_entity_LoanDataOnDemand_Roo_DataOnDemand$com_source_project_entity_LoanDataOnDemand$init(LoanDataOnDemand_Roo_DataOnDemand.aj:130)
	at com.source.project.entity.LoanDataOnDemand.init(LoanDataOnDemand.java:1)
	at com.source.project.entity.LoanDataOnDemand_Roo_DataOnDemand.ajc$interMethodDispatch1$com_source_project_entity_LoanDataOnDemand_Roo_DataOnDemand$com_source_project_entity_LoanDataOnDemand$init(LoanDataOnDemand_Roo_DataOnDemand.aj)
	at com.source.project.entity.LoanDataOnDemand_Roo_DataOnDemand.ajc$interMethod$com_source_project_entity_LoanDataOnDemand_Roo_DataOnDemand$com_source_project_entity_LoanDataOnDemand$getRandomLoan(LoanDataOnDemand_Roo_DataOnDemand.aj:98)
	at com.source.project.entity.LoanDataOnDemand.getRandomLoan(LoanDataOnDemand.java:1)
	at com.source.project.entity.LoanDataOnDemand_Roo_DataOnDemand.ajc$interMethodDispatch1$com_source_project_entity_LoanDataOnDemand_Roo_DataOnDemand$com_source_project_entity_LoanDataOnDemand$getRandomLoan(LoanDataOnDemand_Roo_DataOnDemand.aj)
	at com.source.project.entity.LoanIntegrationTest_Roo_IntegrationTest.ajc$interMethod$com_source_project_entity_LoanIntegrationTest_Roo_IntegrationTest$com_source_project_entity_LoanIntegrationTest$testFindAllLoans(LoanIntegrationTest_Roo_IntegrationTest.aj:49)
	at com.source.project.entity.LoanIntegrationTest.testFindAllLoans(LoanIntegrationTest.java:1)
	at sun.reflect.NativeMethodAccessorImpl.invoke0(Native Method)
	at sun.reflect.NativeMethodAccessorImpl.invoke(NativeMethodAccessorImpl.java:39)
	at sun.reflect.DelegatingMethodAccessorImpl.invoke(DelegatingMethodAccessorImpl.java:25)
	at java.lang.reflect.Method.invoke(Method.java:597)
	at org.junit.runners.model.FrameworkMethod$1.runReflectiveCall(FrameworkMethod.java:44)
	at org.junit.internal.runners.model.ReflectiveCallable.run(ReflectiveCallable.java:15)
	at org.junit.runners.model.FrameworkMethod.invokeExplosively(FrameworkMethod.java:41)
	at org.junit.internal.runners.statements.InvokeMethod.evaluate(InvokeMethod.java:20)
	at org.springframework.test.context.junit4.statements.RunBeforeTestMethodCallbacks.evaluate(RunBeforeTestMethodCallbacks.java:74)
	at org.springframework.test.context.junit4.statements.RunAfterTestMethodCallbacks.evaluate(RunAfterTestMethodCallbacks.java:83)
	at org.springframework.test.context.junit4.statements.SpringRepeat.evaluate(SpringRepeat.java:72)
	at org.springframework.test.context.junit4.SpringJUnit4ClassRunner.runChild(SpringJUnit4ClassRunner.java:231)
	at org.junit.runners.BlockJUnit4ClassRunner.runChild(BlockJUnit4ClassRunner.java:48)
	at org.junit.runners.ParentRunner$3.run(ParentRunner.java:231)
	at org.junit.runners.ParentRunner$1.schedule(ParentRunner.java:60)
	at org.junit.runners.ParentRunner.runChildren(ParentRunner.java:229)
	at org.junit.runners.ParentRunner.access$000(ParentRunner.java:50)
	at org.junit.runners.ParentRunner$2.evaluate(ParentRunner.java:222)
	at org.springframework.test.context.junit4.statements.RunBeforeTestClassCallbacks.evaluate(RunBeforeTestClassCallbacks.java:61)
	at org.springframework.test.context.junit4.statements.RunAfterTestClassCallbacks.evaluate(RunAfterTestClassCallbacks.java:71)
	at org.junit.runners.ParentRunner.run(ParentRunner.java:292)
	at org.springframework.test.context.junit4.SpringJUnit4ClassRunner.run(SpringJUnit4ClassRunner.java:174)
	at org.apache.maven.surefire.junit4.JUnit4TestSet.execute(JUnit4TestSet.java:53)
	at org.apache.maven.surefire.junit4.JUnit4Provider.executeTestSet(JUnit4Provider.java:123)
	at org.apache.maven.surefire.junit4.JUnit4Provider.invoke(JUnit4Provider.java:104)
	at sun.reflect.NativeMethodAccessorImpl.invoke0(Native Method)
	at sun.reflect.NativeMethodAccessorImpl.invoke(NativeMethodAccessorImpl.java:39)
	at sun.reflect.DelegatingMethodAccessorImpl.invoke(DelegatingMethodAccessorImpl.java:25)
	at java.lang.reflect.Method.invoke(Method.java:597)
	at org.apache.maven.surefire.util.ReflectionUtils.invokeMethodWithArray(ReflectionUtils.java:164)
	at org.apache.maven.surefire.booter.ProviderFactory$ProviderProxy.invoke(ProviderFactory.java:110)
	at org.apache.maven.surefire.booter.SurefireStarter.invokeProvider(SurefireStarter.java:172)
	at org.apache.maven.surefire.booter.SurefireStarter.runSuitesInProcessWhenForked(SurefireStarter.java:104)
	at org.apache.maven.surefire.booter.ForkedBooter.main(ForkedBooter.java:70)
Caused by: javax.validation.ConstraintViolationException: Validation failed for classes [com.source.project.entity.Loan] during persist time for groups [javax.validation.groups.Default, ]
List of constraint violations:[
	ConstraintViolationImpl{interpolatedMessage=&apos;may not be null&apos;, propertyPath=reason, rootBeanClass=class com.source.project.entity.Loan, messageTemplate=&apos;{javax.validation.constraints.NotNull.message}&apos;}
	ConstraintViolationImpl{interpolatedMessage=&apos;may not be null&apos;, propertyPath=accountNumber, rootBeanClass=class com.source.project.entity.Loan, messageTemplate=&apos;{javax.validation.constraints.NotNull.message}&apos;}
	ConstraintViolationImpl{interpolatedMessage=&apos;may not be null&apos;, propertyPath=moneyLoan, rootBeanClass=class com.source.project.entity.Loan, messageTemplate=&apos;{javax.validation.constraints.NotNull.message}&apos;}
]
	at org.hibernate.cfg.beanvalidation.BeanValidationEventListener.validate(BeanValidationEventListener.java:161)
	at org.hibernate.cfg.beanvalidation.BeanValidationEventListener.onPreInsert(BeanValidationEventListener.java:94)
	at org.hibernate.action.EntityIdentityInsertAction.preInsert(EntityIdentityInsertAction.java:160)
	at org.hibernate.action.EntityIdentityInsertAction.execute(EntityIdentityInsertAction.java:65)
	at org.hibernate.engine.ActionQueue.execute(ActionQueue.java:273)
	at org.hibernate.event.def.AbstractSaveEventListener.performSaveOrReplicate(AbstractSaveEventListener.java:320)
	at org.hibernate.event.def.AbstractSaveEventListener.performSave(AbstractSaveEventListener.java:203)
	at org.hibernate.event.def.AbstractSaveEventListener.saveWithGeneratedId(AbstractSaveEventListener.java:129)
	at org.hibernate.ejb.event.EJB3PersistEventListener.saveWithGeneratedId(EJB3PersistEventListener.java:69)
	at org.hibernate.event.def.DefaultPersistEventListener.entityIsTransient(DefaultPersistEventListener.java:179)
	at org.hibernate.event.def.DefaultPersistEventListener.onPersist(DefaultPersistEventListener.java:135)
	at org.hibernate.event.def.DefaultPersistEventListener.onPersist(DefaultPersistEventListener.java:61)
	at org.hibernate.impl.SessionImpl.firePersist(SessionImpl.java:808)
	at org.hibernate.impl.SessionImpl.persist(SessionImpl.java:782)
	at org.hibernate.impl.SessionImpl.persist(SessionImpl.java:786)
	at org.hibernate.ejb.AbstractEntityManagerImpl.persist(AbstractEntityManagerImpl.java:837)
	at sun.reflect.GeneratedMethodAccessor17.invoke(Unknown Source)
	at sun.reflect.DelegatingMethodAccessorImpl.invoke(DelegatingMethodAccessorImpl.java:25)
	at java.lang.reflect.Method.invoke(Method.java:597)
	at org.springframework.orm.jpa.SharedEntityManagerCreator$SharedEntityManagerInvocationHandler.invoke(SharedEntityManagerCreator.java:240)
	at $Proxy36.persist(Unknown Source)
	at com.source.project.entity.Loan_Roo_Jpa_ActiveRecord.ajc$interMethod$com_source_project_entity_Loan_Roo_Jpa_ActiveRecord$com_source_project_entity_Loan$persist(Loan_Roo_Jpa_ActiveRecord.aj:43)
	at com.source.project.entity.Loan.persist(Loan.java:1)
	at com.source.project.entity.Loan_Roo_Jpa_ActiveRecord.ajc$interMethodDispatch1$com_source_project_entity_Loan_Roo_Jpa_ActiveRecord$com_source_project_entity_Loan$persist(Loan_Roo_Jpa_ActiveRecord.aj)
	at com.source.project.entity.LoanDataOnDemand_Roo_DataOnDemand.ajc$interMethod$com_source_project_entity_LoanDataOnDemand_Roo_DataOnDemand$com_source_project_entity_LoanDataOnDemand$init(LoanDataOnDemand_Roo_DataOnDemand.aj:123)
	... 41 more
</error>
  </testcase>
  <testcase time="0.021" classname="com.source.project.entity.LoanIntegrationTest" name="testFindLoanEntries">
    <error message="[ConstraintDescriptorImpl{annotation=javax.validation.constraints.NotNull, payloads=[], hasComposingConstraints=true, isReportAsSingleInvalidConstraint=false, elementType=FIELD, definedOn=DEFINED_LOCALLY, groups=[interface javax.validation.groups.Default], attributes={message={javax.validation.constraints.NotNull.message}, payload=[Ljava.lang.Class;@edec92, groups=[Ljava.lang.Class;@46a658}}:may not be null=null][ConstraintDescriptorImpl{annotation=javax.validation.constraints.NotNull, payloads=[], hasComposingConstraints=true, isReportAsSingleInvalidConstraint=false, elementType=FIELD, definedOn=DEFINED_LOCALLY, groups=[interface javax.validation.groups.Default], attributes={message={javax.validation.constraints.NotNull.message}, payload=[Ljava.lang.Class;@edec92, groups=[Ljava.lang.Class;@46a658}}:may not be null=null][ConstraintDescriptorImpl{annotation=javax.validation.constraints.NotNull, payloads=[], hasComposingConstraints=true, isReportAsSingleInvalidConstraint=false, elementType=FIELD, definedOn=DEFINED_LOCALLY, groups=[interface javax.validation.groups.Default], attributes={message={javax.validation.constraints.NotNull.message}, payload=[Ljava.lang.Class;@edec92, groups=[Ljava.lang.Class;@46a658}}:may not be null=null]" type="java.lang.RuntimeException">java.lang.RuntimeException: [ConstraintDescriptorImpl{annotation=javax.validation.constraints.NotNull, payloads=[], hasComposingConstraints=true, isReportAsSingleInvalidConstraint=false, elementType=FIELD, definedOn=DEFINED_LOCALLY, groups=[interface javax.validation.groups.Default], attributes={message={javax.validation.constraints.NotNull.message}, payload=[Ljava.lang.Class;@edec92, groups=[Ljava.lang.Class;@46a658}}:may not be null=null][ConstraintDescriptorImpl{annotation=javax.validation.constraints.NotNull, payloads=[], hasComposingConstraints=true, isReportAsSingleInvalidConstraint=false, elementType=FIELD, definedOn=DEFINED_LOCALLY, groups=[interface javax.validation.groups.Default], attributes={message={javax.validation.constraints.NotNull.message}, payload=[Ljava.lang.Class;@edec92, groups=[Ljava.lang.Class;@46a658}}:may not be null=null][ConstraintDescriptorImpl{annotation=javax.validation.constraints.NotNull, payloads=[], hasComposingConstraints=true, isReportAsSingleInvalidConstraint=false, elementType=FIELD, definedOn=DEFINED_LOCALLY, groups=[interface javax.validation.groups.Default], attributes={message={javax.validation.constraints.NotNull.message}, payload=[Ljava.lang.Class;@edec92, groups=[Ljava.lang.Class;@46a658}}:may not be null=null]
	at com.source.project.entity.LoanDataOnDemand_Roo_DataOnDemand.ajc$interMethod$com_source_project_entity_LoanDataOnDemand_Roo_DataOnDemand$com_source_project_entity_LoanDataOnDemand$init(LoanDataOnDemand_Roo_DataOnDemand.aj:130)
	at com.source.project.entity.LoanDataOnDemand.init(LoanDataOnDemand.java:1)
	at com.source.project.entity.LoanDataOnDemand_Roo_DataOnDemand.ajc$interMethodDispatch1$com_source_project_entity_LoanDataOnDemand_Roo_DataOnDemand$com_source_project_entity_LoanDataOnDemand$init(LoanDataOnDemand_Roo_DataOnDemand.aj)
	at com.source.project.entity.LoanDataOnDemand_Roo_DataOnDemand.ajc$interMethod$com_source_project_entity_LoanDataOnDemand_Roo_DataOnDemand$com_source_project_entity_LoanDataOnDemand$getRandomLoan(LoanDataOnDemand_Roo_DataOnDemand.aj:98)
	at com.source.project.entity.LoanDataOnDemand.getRandomLoan(LoanDataOnDemand.java:1)
	at com.source.project.entity.LoanDataOnDemand_Roo_DataOnDemand.ajc$interMethodDispatch1$com_source_project_entity_LoanDataOnDemand_Roo_DataOnDemand$com_source_project_entity_LoanDataOnDemand$getRandomLoan(LoanDataOnDemand_Roo_DataOnDemand.aj)
	at com.source.project.entity.LoanIntegrationTest_Roo_IntegrationTest.ajc$interMethod$com_source_project_entity_LoanIntegrationTest_Roo_IntegrationTest$com_source_project_entity_LoanIntegrationTest$testFindLoanEntries(LoanIntegrationTest_Roo_IntegrationTest.aj:59)
	at com.source.project.entity.LoanIntegrationTest.testFindLoanEntries(LoanIntegrationTest.java:1)
	at sun.reflect.NativeMethodAccessorImpl.invoke0(Native Method)
	at sun.reflect.NativeMethodAccessorImpl.invoke(NativeMethodAccessorImpl.java:39)
	at sun.reflect.DelegatingMethodAccessorImpl.invoke(DelegatingMethodAccessorImpl.java:25)
	at java.lang.reflect.Method.invoke(Method.java:597)
	at org.junit.runners.model.FrameworkMethod$1.runReflectiveCall(FrameworkMethod.java:44)
	at org.junit.internal.runners.model.ReflectiveCallable.run(ReflectiveCallable.java:15)
	at org.junit.runners.model.FrameworkMethod.invokeExplosively(FrameworkMethod.java:41)
	at org.junit.internal.runners.statements.InvokeMethod.evaluate(InvokeMethod.java:20)
	at org.springframework.test.context.junit4.statements.RunBeforeTestMethodCallbacks.evaluate(RunBeforeTestMethodCallbacks.java:74)
	at org.springframework.test.context.junit4.statements.RunAfterTestMethodCallbacks.evaluate(RunAfterTestMethodCallbacks.java:83)
	at org.springframework.test.context.junit4.statements.SpringRepeat.evaluate(SpringRepeat.java:72)
	at org.springframework.test.context.junit4.SpringJUnit4ClassRunner.runChild(SpringJUnit4ClassRunner.java:231)
	at org.junit.runners.BlockJUnit4ClassRunner.runChild(BlockJUnit4ClassRunner.java:48)
	at org.junit.runners.ParentRunner$3.run(ParentRunner.java:231)
	at org.junit.runners.ParentRunner$1.schedule(ParentRunner.java:60)
	at org.junit.runners.ParentRunner.runChildren(ParentRunner.java:229)
	at org.junit.runners.ParentRunner.access$000(ParentRunner.java:50)
	at org.junit.runners.ParentRunner$2.evaluate(ParentRunner.java:222)
	at org.springframework.test.context.junit4.statements.RunBeforeTestClassCallbacks.evaluate(RunBeforeTestClassCallbacks.java:61)
	at org.springframework.test.context.junit4.statements.RunAfterTestClassCallbacks.evaluate(RunAfterTestClassCallbacks.java:71)
	at org.junit.runners.ParentRunner.run(ParentRunner.java:292)
	at org.springframework.test.context.junit4.SpringJUnit4ClassRunner.run(SpringJUnit4ClassRunner.java:174)
	at org.apache.maven.surefire.junit4.JUnit4TestSet.execute(JUnit4TestSet.java:53)
	at org.apache.maven.surefire.junit4.JUnit4Provider.executeTestSet(JUnit4Provider.java:123)
	at org.apache.maven.surefire.junit4.JUnit4Provider.invoke(JUnit4Provider.java:104)
	at sun.reflect.NativeMethodAccessorImpl.invoke0(Native Method)
	at sun.reflect.NativeMethodAccessorImpl.invoke(NativeMethodAccessorImpl.java:39)
	at sun.reflect.DelegatingMethodAccessorImpl.invoke(DelegatingMethodAccessorImpl.java:25)
	at java.lang.reflect.Method.invoke(Method.java:597)
	at org.apache.maven.surefire.util.ReflectionUtils.invokeMethodWithArray(ReflectionUtils.java:164)
	at org.apache.maven.surefire.booter.ProviderFactory$ProviderProxy.invoke(ProviderFactory.java:110)
	at org.apache.maven.surefire.booter.SurefireStarter.invokeProvider(SurefireStarter.java:172)
	at org.apache.maven.surefire.booter.SurefireStarter.runSuitesInProcessWhenForked(SurefireStarter.java:104)
	at org.apache.maven.surefire.booter.ForkedBooter.main(ForkedBooter.java:70)
Caused by: javax.validation.ConstraintViolationException: Validation failed for classes [com.source.project.entity.Loan] during persist time for groups [javax.validation.groups.Default, ]
List of constraint violations:[
	ConstraintViolationImpl{interpolatedMessage=&apos;may not be null&apos;, propertyPath=reason, rootBeanClass=class com.source.project.entity.Loan, messageTemplate=&apos;{javax.validation.constraints.NotNull.message}&apos;}
	ConstraintViolationImpl{interpolatedMessage=&apos;may not be null&apos;, propertyPath=moneyLoan, rootBeanClass=class com.source.project.entity.Loan, messageTemplate=&apos;{javax.validation.constraints.NotNull.message}&apos;}
	ConstraintViolationImpl{interpolatedMessage=&apos;may not be null&apos;, propertyPath=accountNumber, rootBeanClass=class com.source.project.entity.Loan, messageTemplate=&apos;{javax.validation.constraints.NotNull.message}&apos;}
]
	at org.hibernate.cfg.beanvalidation.BeanValidationEventListener.validate(BeanValidationEventListener.java:161)
	at org.hibernate.cfg.beanvalidation.BeanValidationEventListener.onPreInsert(BeanValidationEventListener.java:94)
	at org.hibernate.action.EntityIdentityInsertAction.preInsert(EntityIdentityInsertAction.java:160)
	at org.hibernate.action.EntityIdentityInsertAction.execute(EntityIdentityInsertAction.java:65)
	at org.hibernate.engine.ActionQueue.execute(ActionQueue.java:273)
	at org.hibernate.event.def.AbstractSaveEventListener.performSaveOrReplicate(AbstractSaveEventListener.java:320)
	at org.hibernate.event.def.AbstractSaveEventListener.performSave(AbstractSaveEventListener.java:203)
	at org.hibernate.event.def.AbstractSaveEventListener.saveWithGeneratedId(AbstractSaveEventListener.java:129)
	at org.hibernate.ejb.event.EJB3PersistEventListener.saveWithGeneratedId(EJB3PersistEventListener.java:69)
	at org.hibernate.event.def.DefaultPersistEventListener.entityIsTransient(DefaultPersistEventListener.java:179)
	at org.hibernate.event.def.DefaultPersistEventListener.onPersist(DefaultPersistEventListener.java:135)
	at org.hibernate.event.def.DefaultPersistEventListener.onPersist(DefaultPersistEventListener.java:61)
	at org.hibernate.impl.SessionImpl.firePersist(SessionImpl.java:808)
	at org.hibernate.impl.SessionImpl.persist(SessionImpl.java:782)
	at org.hibernate.impl.SessionImpl.persist(SessionImpl.java:786)
	at org.hibernate.ejb.AbstractEntityManagerImpl.persist(AbstractEntityManagerImpl.java:837)
	at sun.reflect.GeneratedMethodAccessor17.invoke(Unknown Source)
	at sun.reflect.DelegatingMethodAccessorImpl.invoke(DelegatingMethodAccessorImpl.java:25)
	at java.lang.reflect.Method.invoke(Method.java:597)
	at org.springframework.orm.jpa.SharedEntityManagerCreator$SharedEntityManagerInvocationHandler.invoke(SharedEntityManagerCreator.java:240)
	at $Proxy36.persist(Unknown Source)
	at com.source.project.entity.Loan_Roo_Jpa_ActiveRecord.ajc$interMethod$com_source_project_entity_Loan_Roo_Jpa_ActiveRecord$com_source_project_entity_Loan$persist(Loan_Roo_Jpa_ActiveRecord.aj:43)
	at com.source.project.entity.Loan.persist(Loan.java:1)
	at com.source.project.entity.Loan_Roo_Jpa_ActiveRecord.ajc$interMethodDispatch1$com_source_project_entity_Loan_Roo_Jpa_ActiveRecord$com_source_project_entity_Loan$persist(Loan_Roo_Jpa_ActiveRecord.aj)
	at com.source.project.entity.LoanDataOnDemand_Roo_DataOnDemand.ajc$interMethod$com_source_project_entity_LoanDataOnDemand_Roo_DataOnDemand$com_source_project_entity_LoanDataOnDemand$init(LoanDataOnDemand_Roo_DataOnDemand.aj:123)
	... 41 more
</error>
  </testcase>
</testsuite>